#
# A fatal error has been detected by the Java Runtime Environment:
#
#  EXCEPTION_ACCESS_VIOLATION (0xc0000005) at pc=0x00007ffec34b2a66, pid=11876, tid=10412
#
# JRE version: OpenJDK Runtime Environment AdoptOpenJDK (11.0.8+10) (build 11.0.8+10)
# Java VM: OpenJDK 64-Bit Server VM AdoptOpenJDK (11.0.8+10, mixed mode, tiered, compressed oops, parallel gc, windows-amd64)
# Problematic frame:
# V  [jvm.dll+0x1a2a66]
#
# No core dump will be written. Minidumps are not enabled by default on client versions of Windows
#
# If you would like to submit a bug report, please visit:
#   https://github.com/AdoptOpenJDK/openjdk-support/issues
#

---------------  S U M M A R Y ------------

Command Line: --add-modules=ALL-SYSTEM --add-opens=java.base/java.util=ALL-UNNAMED --add-opens=java.base/java.lang=ALL-UNNAMED -Declipse.application=org.eclipse.jdt.ls.core.id1 -Dosgi.bundles.defaultStartLevel=4 -Declipse.product=org.eclipse.jdt.ls.core.product -Dfile.encoding=utf8 -DwatchParentProcess=false -XX:+UseParallelGC -XX:GCTimeRatio=4 -XX:AdaptiveSizePolicyWeight=90 -Dsun.zip.disableMemoryMapping=true -Xmx1G -Xms100m -Xverify:none c:\Users\Public\wpilib\2021\vscode\data\extensions\redhat.java-0.73.0\server\plugins\org.eclipse.equinox.launcher_1.6.0.v20200915-1508.jar -configuration c:\Users\Public\wpilib\2021\vscode\data\user-data\User\globalStorage\redhat.java\0.73.0\config_win -data c:\Users\Public\wpilib\2021\vscode\data\user-data\User\workspaceStorage\742f11c85b77d84e30fc7c60643a43c4\redhat.java\jdt_ws

Host: Intel(R) Core(TM) i5-5200U CPU @ 2.20GHz, 4 cores, 7G,  Windows 10 , 64 bit Build 19041 (10.0.19041.804)
Time: Sun Feb 21 17:42:45 2021 Eastern Standard Time elapsed time: 4 seconds (0d 0h 0m 4s)

---------------  T H R E A D  ---------------

Current thread (0x0000015a7eff7000):  JavaThread "C1 CompilerThread0" daemon [_thread_in_native_trans, id=10412, stack(0x0000004ffa500000,0x0000004ffa600000)]
[error occurred during error reporting (printing current thread), id 0xc0000005, EXCEPTION_ACCESS_VIOLATION (0xc0000005) at pc=0x00007ffec3a0dea9]


[error occurred during error reporting (printing current compile task), id 0xc0000005, EXCEPTION_ACCESS_VIOLATION (0xc0000005) at pc=0x00007ffec39eaa04]

Stack: [0x0000004ffa500000,0x0000004ffa600000],  sp=0x0000004ffa5fe4b0,  free space=1017k
Native frames: (J=compiled Java code, j=interpreted, Vv=VM code, C=native code)
V  [jvm.dll+0x1a2a66]
V  [jvm.dll+0x1549f8]
V  [jvm.dll+0x154984]
V  [jvm.dll+0x14cc86]
V  [jvm.dll+0x14ae7e]
V  [jvm.dll+0x137360]
V  [jvm.dll+0x11f079]
V  [jvm.dll+0x11e97f]
V  [jvm.dll+0x11ebaf]
V  [jvm.dll+0x11de57]
V  [jvm.dll+0x11fd67]
V  [jvm.dll+0x208f27]
V  [jvm.dll+0x20710b]
V  [jvm.dll+0x6dc339]
V  [jvm.dll+0x6d53e4]
V  [jvm.dll+0x5de996]
C  [ucrtbase.dll+0x21bb2]
C  [KERNEL32.DLL+0x17034]
C  [ntdll.dll+0x4d241]


[error occurred during error reporting (printing target Java thread stack), id 0xc0000005, EXCEPTION_ACCESS_VIOLATION (0xc0000005) at pc=0x00007ffec3a27727]


siginfo: EXCEPTION_ACCESS_VIOLATION (0xc0000005), writing address 0x00000000ffffffff


Register to memory mapping:

RIP=0x00007ffec34b2a66 jvm.dll
RAX=0x0 is NULL
RBX=0x0000015a7eff7000 is a thread
RCX=0x0000015a7eff7000 is a thread
RDX=0x0000000000000002 is an unknown value
RSP=0x0000004ffa5fe4b0 is pointing into the stack for thread: 0x0000015a7eff7000
RBP=0x00000000ffffffff is an unallocated location in the heap
RSI=0x0 is NULL
RDI=0x0000015a00def360 points into unknown readable memory: 60 8b b0 c3 fe 7f 00 00
R8 =0x0000015a00def360 points into unknown readable memory: 60 8b b0 c3 fe 7f 00 00
R9 =0x0000015a003828e0 points into unknown readable memory: b8 09 af c3 fe 7f 00 00
R10=0x0000015a7efe04d0 points into unknown readable memory: 01 00 00 00 1e 00 00 00
R11={method} {0x0000015a028a7690} 'isValid' '(I)Z' in 'com/sun/org/apache/xerces/internal/util/XMLChar'
R12=0x00007ffec3af09b8 jvm.dll
R13=0x0 is NULL
R14=0x0000015a003828e0 points into unknown readable memory: b8 09 af c3 fe 7f 00 00
R15=0x0000015a00def360 points into unknown readable memory: 60 8b b0 c3 fe 7f 00 00


Registers:
RAX=0x0000000000000000, RBX=0x0000015a7eff7000, RCX=0x0000015a7eff7000, RDX=0x0000000000000002
RSP=0x0000004ffa5fe4b0, RBP=0x00000000ffffffff, RSI=0x0000000000000000, RDI=0x0000015a00def360
R8 =0x0000015a00def360, R9 =0x0000015a003828e0, R10=0x0000015a7efe04d0, R11=0x0000015a028a7688
R12=0x00007ffec3af09b8, R13=0x0000000000000000, R14=0x0000015a003828e0, R15=0x0000015a00def360
RIP=0x00007ffec34b2a66, EFLAGS=0x0000000000010206

Top of Stack: (sp=0x0000004ffa5fe4b0)
0x0000004ffa5fe4b0:   0000004ffa5fe519 00007ffec348013e
0x0000004ffa5fe4c0:   0000000000000001 0000015a00d24f90
0x0000004ffa5fe4d0:   0000000000000008 00007ffec3433dc3
0x0000004ffa5fe4e0:   0000004ffa5fe760 00007ffec34649f8
0x0000004ffa5fe4f0:   0000000200000000 0000015a7eff7000
0x0000004ffa5fe500:   000000000000000b 0000000000000000
0x0000004ffa5fe510:   0000015a7eff7000 0000004ffa5fe5d0
0x0000004ffa5fe520:   00000000ffffffff 0000015a00382800
0x0000004ffa5fe530:   0000015a00d28b80 0000015a003828e0
0x0000004ffa5fe540:   0000000000000000 00000000000007ff
0x0000004ffa5fe550:   0000004ffa5fe760 00007ffec3464984
0x0000004ffa5fe560:   000000000000000b 0000015a00382800
0x0000004ffa5fe570:   0000015a00def360 0000015a7eff7000
0x0000004ffa5fe580:   00000000000007ff 00000000ffffffff
0x0000004ffa5fe590:   0000004f00000000 0000015a00382801
0x0000004ffa5fe5a0:   00007ffec3af09b8 0000000000000000 

Instructions: (pc=0x00007ffec34b2a66)
0x00007ffec34b2966:   00 48 8b cd e8 d1 76 f1 ff 49 8b ce e8 39 76 f1
0x00007ffec34b2976:   ff 48 8b 84 24 90 00 00 00 48 8b 9c 24 98 00 00
0x00007ffec34b2986:   00 48 89 45 20 4c 89 75 10 4c 89 65 18 48 83 c4
0x00007ffec34b2996:   40 41 5f 41 5e 41 5d 41 5c 5f 5e 5d c3 cc cc cc
0x00007ffec34b29a6:   cc cc cc cc cc cc cc cc cc cc 48 89 5c 24 18 48
0x00007ffec34b29b6:   89 74 24 20 57 48 83 ec 30 8b 15 a7 88 88 00 48
0x00007ffec34b29c6:   8b f9 65 48 8b 04 25 58 00 00 00 bb 08 00 00 00
0x00007ffec34b29d6:   48 8b 04 d0 48 8b 1c 03 48 89 5c 24 48 c7 83 b8
0x00007ffec34b29e6:   03 00 00 05 00 00 00 80 3d 5c 8e 7e 00 00 75 09
0x00007ffec34b29f6:   83 3d 93 03 86 00 01 74 18 80 3d 4b 8e 7e 00 00
0x00007ffec34b2a06:   74 07 e8 93 e8 42 00 eb 08 48 8b cb e8 69 80 f5
0x00007ffec34b2a16:   ff 83 3d 72 4c 86 00 01 75 1b 48 8b 03 48 8b cb
0x00007ffec34b2a26:   ff 50 20 84 c0 74 0e 48 8b 83 08 01 00 00 c0 e8
0x00007ffec34b2a36:   03 24 01 eb 0b 8b 05 0f 49 86 00 85 c0 0f 95 c0
0x00007ffec34b2a46:   84 c0 75 0d 8b 83 d8 00 00 00 a9 00 00 00 30 74
0x00007ffec34b2a56:   08 48 8b cb 4c 00 61 00 74 00 69 00 74 00 75 00
0x00007ffec34b2a66:   64 00 65 00 20 00 33 00 34 00 36 00 30 00 20 00
0x00007ffec34b2a76:   20 00 20 00 20 00 20 00 20 00 20 00 20 00 20 00
0x00007ffec34b2a86:   20 00 20 00 20 00 20 00 20 00 20 00 20 00 20 00
0x00007ffec34b2a96:   20 00 20 00 20 00 20 00 20 00 20 00 20 00 20 00
0x00007ffec34b2aa6:   20 00 20 00 20 00 20 00 20 00 20 00 20 00 20 00
0x00007ffec34b2ab6:   20 00 20 00 20 00 20 00 20 00 20 00 20 00 20 00
0x00007ffec34b2ac6:   20 00 20 00 20 00 20 00 20 00 20 00 20 00 20 00
0x00007ffec34b2ad6:   20 00 20 00 20 00 20 00 20 00 20 00 20 00 20 00
0x00007ffec34b2ae6:   20 00 20 00 20 00 20 00 20 00 20 00 20 00 20 00
0x00007ffec34b2af6:   20 00 20 00 00 00 48 8b 43 10 48 89 47 10 48 8b
0x00007ffec34b2b06:   4b 18 48 89 4f 18 48 8b 4b 20 48 89 4f 20 48 8d
0x00007ffec34b2b16:   4c 24 48 e8 72 12 f8 ff 48 8b 5c 24 50 48 8b c6
0x00007ffec34b2b26:   48 8b 74 24 58 48 83 c4 30 5f c3 cc cc cc cc cc
0x00007ffec34b2b36:   cc cc cc cc cc cc cc cc cc cc 48 89 5c 24 08 48
0x00007ffec34b2b46:   89 74 24 10 48 89 7c 24 18 41 56 48 83 ec 20 65
0x00007ffec34b2b56:   48 8b 04 25 58 00 00 00 48 8b f1 44 8b 05 04 87 


Stack slot to memory mapping:
stack at sp + 0 slots: 0x0000004ffa5fe519 is pointing into the stack for thread: 0x0000015a7eff7000
stack at sp + 1 slots: 0x00007ffec348013e jvm.dll
stack at sp + 2 slots: 0x0000000000000001 is an unknown value
stack at sp + 3 slots: 0x0000015a00d24f90 points into unknown readable memory: e0 ea 5f fa 4f 00 00 00
stack at sp + 4 slots: 0x0000000000000008 is an unknown value
stack at sp + 5 slots: 0x00007ffec3433dc3 jvm.dll
stack at sp + 6 slots: 0x0000004ffa5fe760 is pointing into the stack for thread: 0x0000015a7eff7000
stack at sp + 7 slots: 0x00007ffec34649f8 jvm.dll


[error occurred during error reporting (printing VM operation), id 0xc0000005, EXCEPTION_ACCESS_VIOLATION (0xc0000005) at pc=0x00007ffec36e3325]


---------------  P R O C E S S  ---------------

Threads class SMR info:
_java_thread_list=0x0000015a009ff8a0, length=15, elements={
0x0000015a64fd1800, 0x0000015a7efe2000, 0x0000015a7efe4000, 0x0000015a00252800,
0x0000015a7eff3000, 0x0000015a7eff6000, 0x0000015a7eff7000, 0x0000015a00283000,
0x0000015a00372000, 0x0000015a00455800, 0x0000015a00ac1000, 0x0000015a00a95800,
0x0000015a00ab7000, 0x0000015a00b57000, 0x0000015a01168000
}

Java Threads: ( => current thread )
  0x0000015a64fd1800 JavaThread "main" [_thread_blocked, id=16768, stack(0x0000004ff9d00000,0x0000004ff9e00000)]
  0x0000015a7efe2000 JavaThread "Reference Handler" daemon [_thread_blocked, id=5944, stack(0x0000004ffa000000,0x0000004ffa100000)]
  0x0000015a7efe4000 JavaThread "Finalizer" daemon [_thread_blocked, id=7120, stack(0x0000004ffa100000,0x0000004ffa200000)]
  0x0000015a00252800 JavaThread "Signal Dispatcher" daemon [_thread_blocked, id=11160, stack(0x0000004ffa200000,0x0000004ffa300000)]
  0x0000015a7eff3000 JavaThread "Attach Listener" daemon [_thread_blocked, id=18232, stack(0x0000004ffa300000,0x0000004ffa400000)]
  0x0000015a7eff6000 JavaThread "C2 CompilerThread0" daemon [_thread_in_native, id=9080, stack(0x0000004ffa400000,0x0000004ffa500000)]
=>0x0000015a7eff7000 JavaThread "C1 CompilerThread0" daemon [_thread_in_native_trans, id=10412, stack(0x0000004ffa500000,0x0000004ffa600000)]
[error occurred during error reporting (printing all threads), id 0xc0000005, EXCEPTION_ACCESS_VIOLATION (0xc0000005) at pc=0x00007ffec3a0dea9]

VM state:synchronizing (normal execution)

VM Mutex/Monitor currently owned by a thread:  ([mutex/lock_event])
[0x0000015a64fd0440] Safepoint_lock - owner thread: 0x0000015a7efdd000
[0x0000015a64fd0200] Threads_lock - owner thread: 0x0000015a7efdd000

Heap address: 0x00000000c0000000, size: 1024 MB, Compressed Oops mode: 32-bit
Narrow klass base: 0x0000000000000000, Narrow klass shift: 3
Compressed class space size: 1073741824 Address: 0x0000000100000000

Heap:
 PSYoungGen      total 29696K, used 15593K [0x00000000eab00000, 0x00000000ecc00000, 0x0000000100000000)
  eden space 25600K, 45% used [0x00000000eab00000,0x00000000eb641428,0x00000000ec400000)
  from space 4096K, 99% used [0x00000000ec400000,0x00000000ec7f9118,0x00000000ec800000)
  to   space 4096K, 0% used [0x00000000ec800000,0x00000000ec800000,0x00000000ecc00000)
 ParOldGen       total 68608K, used 230K [0x00000000c0000000, 0x00000000c4300000, 0x00000000eab00000)
  object space 68608K, 0% used [0x00000000c0000000,0x00000000c0039810,0x00000000c4300000)
 Metaspace       used 16389K, capacity 16878K, committed 17152K, reserved 1064960K
  class space    used 1541K, capacity 1666K, committed 1792K, reserved 1048576K

Card table byte_map: [0x0000015a649c0000,0x0000015a64bd0000] _byte_map_base: 0x0000015a643c0000

Marking Bits: (ParMarkBitMap*) 0x00007ffec3d16e90
 Begin Bits: [0x0000015a7c640000, 0x0000015a7d640000)
 End Bits:   [0x0000015a7d640000, 0x0000015a7e640000)

Polling page: 0x0000015a647b0000

Metaspace:

Usage:
  Non-class:     14.86 MB capacity,    14.50 MB ( 98%) used,   337.05 KB (  2%) free+waste,    27.31 KB ( <1%) overhead. 
      Class:      1.63 MB capacity,     1.51 MB ( 93%) used,   111.89 KB (  7%) free+waste,    12.44 KB ( <1%) overhead. 
       Both:     16.48 MB capacity,    16.01 MB ( 97%) used,   448.95 KB (  3%) free+waste,    39.75 KB ( <1%) overhead. 

Virtual space:
  Non-class space:       16.00 MB reserved,      15.00 MB ( 94%) committed 
      Class space:        1.00 GB reserved,       1.75 MB ( <1%) committed 
             Both:        1.02 GB reserved,      16.75 MB (  2%) committed 

Chunk freelists:
   Non-Class:  20.00 KB
       Class:  30.00 KB
        Both:  50.00 KB

MaxMetaspaceSize: 17179869184.00 GB
CompressedClassSpaceSize: 1.00 GB

CodeHeap 'non-profiled nmethods': size=120064Kb used=569Kb max_used=569Kb free=119494Kb
 bounds [0x0000015a75100000, 0x0000015a75370000, 0x0000015a7c640000]
CodeHeap 'profiled nmethods': size=120000Kb used=3529Kb max_used=3529Kb free=116470Kb
 bounds [0x0000015a6dbd0000, 0x0000015a6df50000, 0x0000015a75100000]
CodeHeap 'non-nmethods': size=5696Kb used=1099Kb max_used=1115Kb free=4596Kb
 bounds [0x0000015a6d640000, 0x0000015a6d8b0000, 0x0000015a6dbd0000]
 total_blobs=2167 nmethods=1754 adapters=326
 compilation: enabled
              stopped_count=0, restarted_count=0
 full_count=0

Compilation events (20 events):
Event: 4.104 Thread 0x0000015a7eff7000 nmethod 1749 0x0000015a6df34290 code [0x0000015a6df344a0, 0x0000015a6df34c38]
Event: 4.104 Thread 0x0000015a7eff7000 1750       3       com.sun.org.apache.xerces.internal.parsers.AbstractSAXParser$AttributesProxy::getLocalName (11 bytes)
Event: 4.105 Thread 0x0000015a7eff7000 nmethod 1750 0x0000015a6df35010 code [0x0000015a6df351c0, 0x0000015a6df353a8]
Event: 4.105 Thread 0x0000015a7eff7000 1751       3       com.sun.org.apache.xerces.internal.util.XMLAttributesImpl::getLocalName (37 bytes)
Event: 4.105 Thread 0x0000015a7eff7000 nmethod 1751 0x0000015a6df35490 code [0x0000015a6df35660, 0x0000015a6df35878]
Event: 4.105 Thread 0x0000015a7eff7000 1752       3       com.sun.org.apache.xerces.internal.parsers.AbstractSAXParser$AttributesProxy::getValue (11 bytes)
Event: 4.105 Thread 0x0000015a7eff7000 nmethod 1752 0x0000015a6df35990 code [0x0000015a6df35b40, 0x0000015a6df35d28]
Event: 4.105 Thread 0x0000015a7eff7000 1748       3       org.eclipse.core.internal.registry.ExtensionPoint::getExtraData (103 bytes)
Event: 4.106 Thread 0x0000015a7eff7000 nmethod 1748 0x0000015a6df35e10 code [0x0000015a6df36080, 0x0000015a6df36f58]
Event: 4.106 Thread 0x0000015a7eff7000 1744       3       java.lang.Integer::parseInt (7 bytes)
Event: 4.106 Thread 0x0000015a7eff7000 nmethod 1744 0x0000015a6df37290 code [0x0000015a6df37440, 0x0000015a6df37548]
Event: 4.157 Thread 0x0000015a7eff7000 1753  s    3       org.eclipse.core.internal.registry.RegistryObjectManager::add (49 bytes)
Event: 4.158 Thread 0x0000015a7eff7000 nmethod 1753 0x0000015a6df37610 code [0x0000015a6df37800, 0x0000015a6df37dd8]
Event: 4.158 Thread 0x0000015a7eff7000 1754       3       org.eclipse.core.internal.registry.ReferenceMap$SoftRef::<init> (18 bytes)
Event: 4.158 Thread 0x0000015a7eff7000 nmethod 1754 0x0000015a6df37f90 code [0x0000015a6df38160, 0x0000015a6df38438]
Event: 4.158 Thread 0x0000015a7eff7000 1756       3       com.sun.org.apache.xerces.internal.impl.XMLEntityScanner::scanData (1158 bytes)
Event: 4.163 Thread 0x0000015a7eff7000 nmethod 1756 0x0000015a6df38590 code [0x0000015a6df38a00, 0x0000015a6df3ada8]
Event: 4.163 Thread 0x0000015a7eff7000 1757       3       com.sun.org.apache.xerces.internal.impl.XMLNSDocumentScannerImpl::scanStartElement (1026 bytes)
Event: 4.170 Thread 0x0000015a7eff7000 nmethod 1757 0x0000015a6df3bd10 code [0x0000015a6df3c3c0, 0x0000015a6df40cc8]
Event: 4.170 Thread 0x0000015a7eff7000 1762       2       com.sun.org.apache.xerces.internal.util.XMLChar::isValid (34 bytes)

GC Heap History (2 events):
Event: 2.867 GC heap before
{Heap before GC invocations=1 (full 0):
 PSYoungGen      total 29696K, used 25600K [0x00000000eab00000, 0x00000000ecc00000, 0x0000000100000000)
  eden space 25600K, 100% used [0x00000000eab00000,0x00000000ec400000,0x00000000ec400000)
  from space 4096K, 0% used [0x00000000ec800000,0x00000000ec800000,0x00000000ecc00000)
  to   space 4096K, 0% used [0x00000000ec400000,0x00000000ec400000,0x00000000ec800000)
 ParOldGen       total 68608K, used 0K [0x00000000c0000000, 0x00000000c4300000, 0x00000000eab00000)
  object space 68608K, 0% used [0x00000000c0000000,0x00000000c0000000,0x00000000c4300000)
 Metaspace       used 13270K, capacity 13625K, committed 13952K, reserved 1062912K
  class space    used 1226K, capacity 1330K, committed 1408K, reserved 1048576K
}
Event: 2.960 GC heap after
{Heap after GC invocations=1 (full 0):
 PSYoungGen      total 29696K, used 4068K [0x00000000eab00000, 0x00000000ecc00000, 0x0000000100000000)
  eden space 25600K, 0% used [0x00000000eab00000,0x00000000eab00000,0x00000000ec400000)
  from space 4096K, 99% used [0x00000000ec400000,0x00000000ec7f9118,0x00000000ec800000)
  to   space 4096K, 0% used [0x00000000ec800000,0x00000000ec800000,0x00000000ecc00000)
 ParOldGen       total 68608K, used 230K [0x00000000c0000000, 0x00000000c4300000, 0x00000000eab00000)
  object space 68608K, 0% used [0x00000000c0000000,0x00000000c0039810,0x00000000c4300000)
 Metaspace       used 13270K, capacity 13625K, committed 13952K, reserved 1062912K
  class space    used 1226K, capacity 1330K, committed 1408K, reserved 1048576K
}

Deoptimization events (20 events):
Event: 2.960 Thread 0x0000015a00ab7000 Uncommon trap: trap_request=0xffffff4d fr.pc=0x0000015a7512823c relative=0x000000000000009c
Event: 2.960 Thread 0x0000015a00ab7000 Uncommon trap: reason=unstable_if action=reinterpret pc=0x0000015a7512823c method=java.lang.ref.SoftReference.get()Ljava/lang/Object; @ 17 c2
Event: 2.960 Thread 0x0000015a00ab7000 DEOPT PACKING pc=0x0000015a7512823c sp=0x0000004ffadf9dd0
Event: 2.960 Thread 0x0000015a00ab7000 DEOPT UNPACKING pc=0x0000015a6d666caf sp=0x0000004ffadf9d60 mode 2
Event: 3.386 Thread 0x0000015a00ab7000 Uncommon trap: trap_request=0xffffff4d fr.pc=0x0000015a75163c34 relative=0x0000000000001174
Event: 3.386 Thread 0x0000015a00ab7000 Uncommon trap: reason=unstable_if action=reinterpret pc=0x0000015a75163c34 method=java.io.WinNTFileSystem.normalize(Ljava/lang/String;II)Ljava/lang/String; @ 100 c2
Event: 3.386 Thread 0x0000015a00ab7000 DEOPT PACKING pc=0x0000015a75163c34 sp=0x0000004ffadfa7c0
Event: 3.386 Thread 0x0000015a00ab7000 DEOPT UNPACKING pc=0x0000015a6d666caf sp=0x0000004ffadfa6f0 mode 2
Event: 3.470 Thread 0x0000015a00ab7000 Uncommon trap: trap_request=0xfffffff4 fr.pc=0x0000015a7512a6a0 relative=0x0000000000001300
Event: 3.470 Thread 0x0000015a00ab7000 Uncommon trap: reason=null_check action=make_not_entrant pc=0x0000015a7512a6a0 method=java.lang.StringCoding.deref(Ljava/lang/ThreadLocal;)Ljava/lang/Object; @ 4 c2
Event: 3.470 Thread 0x0000015a00ab7000 DEOPT PACKING pc=0x0000015a7512a6a0 sp=0x0000004ffadf9ff0
Event: 3.471 Thread 0x0000015a00ab7000 DEOPT UNPACKING pc=0x0000015a6d666caf sp=0x0000004ffadf9ef0 mode 2
Event: 3.925 Thread 0x0000015a00ab7000 Uncommon trap: trap_request=0xffffff4d fr.pc=0x0000015a75181934 relative=0x0000000000000174
Event: 3.925 Thread 0x0000015a00ab7000 Uncommon trap: reason=unstable_if action=reinterpret pc=0x0000015a75181934 method=java.util.zip.ZipFile$Source.isMetaName([BII)Z @ 43 c2
Event: 3.925 Thread 0x0000015a00ab7000 DEOPT PACKING pc=0x0000015a75181934 sp=0x0000004ffadf9cc0
Event: 3.925 Thread 0x0000015a00ab7000 DEOPT UNPACKING pc=0x0000015a6d666caf sp=0x0000004ffadf9c68 mode 2
Event: 4.091 Thread 0x0000015a00ab7000 Uncommon trap: trap_request=0xfffffff4 fr.pc=0x0000015a75134e98 relative=0x0000000000004dd8
Event: 4.091 Thread 0x0000015a00ab7000 Uncommon trap: reason=null_check action=make_not_entrant pc=0x0000015a75134e98 method=java.lang.StringCoding.deref(Ljava/lang/ThreadLocal;)Ljava/lang/Object; @ 4 c2
Event: 4.091 Thread 0x0000015a00ab7000 DEOPT PACKING pc=0x0000015a75134e98 sp=0x0000004ffadf95f0
Event: 4.091 Thread 0x0000015a00ab7000 DEOPT UNPACKING pc=0x0000015a6d666caf sp=0x0000004ffadf9478 mode 2

Classes redefined (0 events):
No events

Internal exceptions (20 events):
Event: 1.893 Thread 0x0000015a64fd1800 Exception <a 'java/lang/ClassNotFoundException'{0x00000000eb6fc388}: sun/net/www/protocol/c/Handler> (0x00000000eb6fc388) thrown at [./src/hotspot/share/classfile/systemDictionary.cpp, line 231]
Event: 1.909 Thread 0x0000015a64fd1800 Exception <a 'java/io/FileNotFoundException'{0x00000000eb71c078}> (0x00000000eb71c078) thrown at [./src/hotspot/share/prims/jni.cpp, line 615]
Event: 2.004 Thread 0x0000015a64fd1800 Implicit null exception at 0x0000015a75126af5 to 0x0000015a75126cec
Event: 2.019 Thread 0x0000015a64fd1800 Implicit null exception at 0x0000015a7511e7db to 0x0000015a7511f04c
Event: 2.138 Thread 0x0000015a64fd1800 Exception <a 'java/lang/NoSuchMethodError'{0x00000000eb8bb698}: 'int java.lang.invoke.DirectMethodHandle$Holder.invokeStaticInit(java.lang.Object, java.lang.Object, java.lang.Object, java.lang.Object)'> (0x00000000eb8bb698) thrown at [./src/hotspot/share/interpreter/linkResolver.cpp, line 773]
Event: 2.143 Thread 0x0000015a64fd1800 Exception <a 'java/lang/IncompatibleClassChangeError'{0x00000000eb8c55e0}: Found class java.lang.Object, but interface was expected> (0x00000000eb8c55e0) thrown at [./src/hotspot/share/interpreter/linkResolver.cpp, line 839]
Event: 2.146 Thread 0x0000015a64fd1800 Exception <a 'java/lang/NoSuchMethodError'{0x00000000eb8c86a0}: 'void java.lang.invoke.DirectMethodHandle$Holder.invokeStaticInit(java.lang.Object, java.lang.Object)'> (0x00000000eb8c86a0) thrown at [./src/hotspot/share/interpreter/linkResolver.cpp, line 773]
Event: 2.153 Thread 0x0000015a64fd1800 Exception <a 'java/lang/NoSuchMethodError'{0x00000000eb8cd988}: 'int java.lang.invoke.DirectMethodHandle$Holder.invokeStaticInit(java.lang.Object, java.lang.Object)'> (0x00000000eb8cd988) thrown at [./src/hotspot/share/interpreter/linkResolver.cpp, line 773]
Event: 2.267 Thread 0x0000015a64fd1800 Exception <a 'java/lang/NoSuchMethodError'{0x00000000eba47128}: 'int java.lang.invoke.DirectMethodHandle$Holder.invokeSpecialIFC(java.lang.Object, java.lang.Object, int)'> (0x00000000eba47128) thrown at [./src/hotspot/share/interpreter/linkResolver.cpp, line 773]
Event: 2.492 Thread 0x0000015a64fd1800 Exception <a 'java/lang/NoSuchMethodError'{0x00000000ebf33018}: 'java.lang.Object java.lang.invoke.DirectMethodHandle$Holder.invokeStatic(java.lang.Object, int, java.lang.Object)'> (0x00000000ebf33018) thrown at [./src/hotspot/share/interpreter/linkResolver.cpp, line 773]
Event: 2.501 Thread 0x0000015a64fd1800 Exception <a 'java/lang/NoSuchMethodError'{0x00000000ebf4f040}: 'java.lang.Object java.lang.invoke.Invokers$Holder.linkToTargetMethod(java.lang.Object, java.lang.Object, java.lang.Object, int, java.lang.Object, java.lang.Object)'> (0x00000000ebf4f040) thrown at [./src/hotspot/share/interpreter/linkResolver.cpp, line 773]
Event: 2.773 Thread 0x0000015a64fd1800 Exception <a 'java/lang/UnsatisfiedLinkError'{0x00000000ec268170}: 'void org.eclipse.equinox.launcher.JNIBridge._update_splash()'> (0x00000000ec268170) thrown at [./src/hotspot/share/prims/nativeLookup.cpp, line 404]
Event: 2.786 Thread 0x0000015a00a95800 Implicit null exception at 0x0000015a75122788 to 0x0000015a75122834
Event: 3.082 Thread 0x0000015a00ab7000 Exception <a 'java/lang/NoSuchMethodError'{0x00000000eadc5ce0}: 'java.lang.Object java.lang.invoke.DirectMethodHandle$Holder.invokeStatic(java.lang.Object, java.lang.Object, java.lang.Object, java.lang.Object, java.lang.Object, java.lang.Object, java.lang.Object, java.lang.Object, java.lang.Object, java.lang.Object, java.lang.Object, java.lang.Object, java.lang.Object, java.lang.Object, java.lang.Object)'> (0x00000000eadc5ce0) thrown at [./src/hotspot/share/interpreter/linkResolver.cpp, line 773]
Event: 3.086 Thread 0x0000015a00ab7000 Exception <a 'java/lang/NoSuchMethodError'{0x00000000eadd3ce8}: 'java.lang.Object java.lang.invoke.DirectMethodHandle$Holder.invokeStatic(java.lang.Object, java.lang.Object, java.lang.Object, java.lang.Object, java.lang.Object, java.lang.Object, java.lang.Object, java.lang.Object, java.lang.Object, java.lang.Object, java.lang.Object, java.lang.Object, java.lang.Object, java.lang.Object, java.lang.Object, java.lang.Object)'> (0x00000000eadd3ce8) thrown at [./src/hotspot/share/interpreter/linkResolver.cpp, l
Event: 3.107 Thread 0x0000015a00ab7000 Exception <a 'java/lang/NoSuchMethodError'{0x00000000eade2238}: 'java.lang.Object java.lang.invoke.DirectMethodHandle$Holder.invokeSpecial(java.lang.Object, java.lang.Object, int, int, java.lang.Object, java.lang.Object, java.lang.Object)'> (0x00000000eade2238) thrown at [./src/hotspot/share/interpreter/linkResolver.cpp, line 773]
Event: 3.108 Thread 0x0000015a00ab7000 Exception <a 'java/lang/NoSuchMethodError'{0x00000000eade5a70}: 'java.lang.Object java.lang.invoke.DelegatingMethodHandle$Holder.reinvoke_L(java.lang.Object, int, int, java.lang.Object, java.lang.Object, java.lang.Object)'> (0x00000000eade5a70) thrown at [./src/hotspot/share/interpreter/linkResolver.cpp, line 773]
Event: 3.109 Thread 0x0000015a00ab7000 Exception <a 'java/lang/NoSuchMethodError'{0x00000000eade9df0}: 'java.lang.Object java.lang.invoke.DirectMethodHandle$Holder.invokeStatic(java.lang.Object, java.lang.Object, java.lang.Object, java.lang.Object, int)'> (0x00000000eade9df0) thrown at [./src/hotspot/share/interpreter/linkResolver.cpp, line 773]
Event: 3.470 Thread 0x0000015a00ab7000 Implicit null exception at 0x0000015a7512946e to 0x0000015a7512a68c
Event: 4.091 Thread 0x0000015a00ab7000 Implicit null exception at 0x0000015a751309e0 to 0x0000015a75134e64

Events (20 events):
Event: 3.498 loading class sun/util/PropertyResourceBundleCharset$PropertiesFileDecoder
Event: 3.498 loading class sun/util/PropertyResourceBundleCharset$PropertiesFileDecoder done
Event: 3.499 loading class org/eclipse/osgi/storage/ManifestLocalization$EmptyResouceBundle
Event: 3.499 loading class org/eclipse/osgi/storage/ManifestLocalization$EmptyResouceBundle done
Event: 3.501 loading class org/eclipse/osgi/util/NLS
Event: 3.501 loading class org/eclipse/osgi/util/NLS done
Event: 3.502 loading class org/eclipse/osgi/util/NLS$1
Event: 3.502 loading class org/eclipse/osgi/util/NLS$1 done
Event: 3.504 loading class org/eclipse/osgi/storage/url/bundleresource/Handler
Event: 3.504 loading class org/eclipse/osgi/storage/url/bundleresource/Handler done
Event: 3.505 loading class org/eclipse/osgi/util/NLS$MessagesProperties
Event: 3.505 loading class org/eclipse/osgi/util/NLS$MessagesProperties done
Event: 3.506 loading class jdk/internal/reflect/UnsafeStaticObjectFieldAccessorImpl
Event: 3.506 loading class jdk/internal/reflect/UnsafeStaticObjectFieldAccessorImpl done
Event: 3.578 loading class java/util/MissingResourceException
Event: 3.578 loading class java/util/MissingResourceException done
Event: 3.911 loading class org/eclipse/osgi/internal/loader/buddy/PolicyHandler
Event: 3.911 loading class org/eclipse/osgi/internal/loader/buddy/PolicyHandler done
Event: 3.912 Executing VM operation: RevokeBias
Event: 3.912 Executing VM operation: RevokeBias done


Dynamic libraries:
0x00007ff72b920000 - 0x00007ff72b92d000 	C:\Users\Public\wpilib\2021\jdk\bin\java.exe
0x00007fff252f0000 - 0x00007fff254e6000 	C:\WINDOWS\SYSTEM32\ntdll.dll
0x00007fff243e0000 - 0x00007fff2449d000 	C:\WINDOWS\System32\KERNEL32.DLL
0x00007fff22ce0000 - 0x00007fff22fa9000 	C:\WINDOWS\System32\KERNELBASE.dll
0x00007fff23120000 - 0x00007fff23220000 	C:\WINDOWS\System32\ucrtbase.dll
0x00007fff00500000 - 0x00007fff00517000 	C:\Users\Public\wpilib\2021\jdk\bin\jli.dll
0x00007fff23740000 - 0x00007fff238e0000 	C:\WINDOWS\System32\USER32.dll
0x00007fff22c80000 - 0x00007fff22ca2000 	C:\WINDOWS\System32\win32u.dll
0x00007fff24800000 - 0x00007fff2482a000 	C:\WINDOWS\System32\GDI32.dll
0x00007fff23010000 - 0x00007fff2311b000 	C:\WINDOWS\System32\gdi32full.dll
0x00007fff22be0000 - 0x00007fff22c7d000 	C:\WINDOWS\System32\msvcp_win.dll
0x00007fff00470000 - 0x00007fff00489000 	C:\Users\Public\wpilib\2021\jdk\bin\VCRUNTIME140.dll
0x00007fff14dd0000 - 0x00007fff1506b000 	C:\WINDOWS\WinSxS\amd64_microsoft.windows.common-controls_6595b64144ccf1df_6.0.19041.746_none_ca02b4b61b8320a4\COMCTL32.dll
0x00007fff233b0000 - 0x00007fff2344e000 	C:\WINDOWS\System32\msvcrt.dll
0x00007fff24c70000 - 0x00007fff24ca0000 	C:\WINDOWS\System32\IMM32.DLL
0x00007ffef1930000 - 0x00007ffef19c2000 	C:\Users\Public\wpilib\2021\jdk\bin\msvcp140.dll
0x00007fff19310000 - 0x00007fff1931c000 	C:\Users\Public\wpilib\2021\jdk\bin\VCRUNTIME140_1.dll
0x00007ffec3310000 - 0x00007ffec3dcd000 	C:\Users\Public\wpilib\2021\jdk\bin\server\jvm.dll
0x00007fff23960000 - 0x00007fff23a0c000 	C:\WINDOWS\System32\ADVAPI32.dll
0x00007fff24760000 - 0x00007fff247fc000 	C:\WINDOWS\System32\sechost.dll
0x00007fff245d0000 - 0x00007fff246fb000 	C:\WINDOWS\System32\RPCRT4.dll
0x00007fff24830000 - 0x00007fff24838000 	C:\WINDOWS\System32\PSAPI.DLL
0x00007fff04ff0000 - 0x00007fff04ff9000 	C:\WINDOWS\SYSTEM32\WSOCK32.dll
0x00007fff25240000 - 0x00007fff252ab000 	C:\WINDOWS\System32\WS2_32.dll
0x00007fff19dd0000 - 0x00007fff19df7000 	C:\WINDOWS\SYSTEM32\WINMM.dll
0x00007fff13410000 - 0x00007fff1341a000 	C:\WINDOWS\SYSTEM32\VERSION.dll
0x00007fff20980000 - 0x00007fff20992000 	C:\WINDOWS\SYSTEM32\kernel.appcore.dll
0x00007fff18cf0000 - 0x00007fff18d00000 	C:\Users\Public\wpilib\2021\jdk\bin\verify.dll
0x00007fff1af50000 - 0x00007fff1b134000 	C:\WINDOWS\SYSTEM32\DBGHELP.DLL
0x00007fff1a830000 - 0x00007fff1a85c000 	C:\WINDOWS\SYSTEM32\dbgcore.DLL
0x00007fff232d0000 - 0x00007fff23350000 	C:\WINDOWS\System32\bcryptPrimitives.dll
0x00007fff00060000 - 0x00007fff00088000 	C:\Users\Public\wpilib\2021\jdk\bin\java.dll
0x00007fff14cb0000 - 0x00007fff14cba000 	C:\Users\Public\wpilib\2021\jdk\bin\jimage.dll
0x00007ffefe250000 - 0x00007ffefe267000 	C:\Users\Public\wpilib\2021\jdk\bin\zip.dll
0x00007fff23aa0000 - 0x00007fff241e2000 	C:\WINDOWS\System32\SHELL32.dll
0x00007fff20b80000 - 0x00007fff21310000 	C:\WINDOWS\SYSTEM32\windows.storage.dll
0x00007fff24910000 - 0x00007fff24c66000 	C:\WINDOWS\System32\combase.dll
0x00007fff223c0000 - 0x00007fff223ec000 	C:\WINDOWS\SYSTEM32\Wldp.dll
0x00007fff24330000 - 0x00007fff243de000 	C:\WINDOWS\System32\SHCORE.dll
0x00007fff23350000 - 0x00007fff233a5000 	C:\WINDOWS\System32\shlwapi.dll
0x00007fff22960000 - 0x00007fff22986000 	C:\WINDOWS\SYSTEM32\profapi.dll
0x00007ffeef430000 - 0x00007ffeef449000 	C:\Users\Public\wpilib\2021\jdk\bin\net.dll
0x00007fff13bf0000 - 0x00007fff13cf0000 	C:\WINDOWS\SYSTEM32\WINHTTP.dll
0x00007fff22140000 - 0x00007fff221aa000 	C:\WINDOWS\system32\mswsock.dll
0x00007ffeef410000 - 0x00007ffeef422000 	C:\Users\Public\wpilib\2021\jdk\bin\nio.dll
0x00007fff22310000 - 0x00007fff22328000 	C:\WINDOWS\SYSTEM32\CRYPTSP.dll
0x00007fff21ae0000 - 0x00007fff21b14000 	C:\WINDOWS\system32\rsaenh.dll
0x00007fff22cb0000 - 0x00007fff22cd7000 	C:\WINDOWS\System32\bcrypt.dll
0x00007fff228b0000 - 0x00007fff228de000 	C:\WINDOWS\SYSTEM32\USERENV.dll
0x00007fff22330000 - 0x00007fff2233c000 	C:\WINDOWS\SYSTEM32\CRYPTBASE.dll
0x00007fff21e30000 - 0x00007fff21e6b000 	C:\WINDOWS\SYSTEM32\IPHLPAPI.DLL
0x00007fff244a0000 - 0x00007fff244a8000 	C:\WINDOWS\System32\NSI.dll
0x00007fff1ad70000 - 0x00007fff1ad87000 	C:\WINDOWS\SYSTEM32\dhcpcsvc6.DLL
0x00007fff1c040000 - 0x00007fff1c05d000 	C:\WINDOWS\SYSTEM32\dhcpcsvc.DLL
0x00007fff21e70000 - 0x00007fff21f3b000 	C:\WINDOWS\SYSTEM32\DNSAPI.dll
0x00007fff00550000 - 0x00007fff0057a000 	C:\Users\Public\wpilib\2021\vscode\data\user-data\User\globalStorage\redhat.java\0.73.0\config_win\org.eclipse.equinox.launcher\org.eclipse.equinox.launcher.win32.win32.x86_64_1.2.0.v20200915-1442\eclipse_11100.dll

dbghelp: loaded successfully - version: 4.0.5 - missing functions: none
symbol engine: initialized successfully - sym options: 0x614 - pdb path: .;C:\Users\Public\wpilib\2021\jdk\bin;C:\WINDOWS\SYSTEM32;C:\WINDOWS\WinSxS\amd64_microsoft.windows.common-controls_6595b64144ccf1df_6.0.19041.746_none_ca02b4b61b8320a4;C:\Users\Public\wpilib\2021\jdk\bin\server;C:\Users\Public\wpilib\2021\vscode\data\user-data\User\globalStorage\redhat.java\0.73.0\config_win\org.eclipse.equinox.launcher\org.eclipse.equinox.launcher.win32.win32.x86_64_1.2.0.v20200915-1442

VM Arguments:
jvm_args: --add-modules=ALL-SYSTEM --add-opens=java.base/java.util=ALL-UNNAMED --add-opens=java.base/java.lang=ALL-UNNAMED -Declipse.application=org.eclipse.jdt.ls.core.id1 -Dosgi.bundles.defaultStartLevel=4 -Declipse.product=org.eclipse.jdt.ls.core.product -Dfile.encoding=utf8 -DwatchParentProcess=false -XX:+UseParallelGC -XX:GCTimeRatio=4 -XX:AdaptiveSizePolicyWeight=90 -Dsun.zip.disableMemoryMapping=true -Xmx1G -Xms100m -Xverify:none 
java_command: c:\Users\Public\wpilib\2021\vscode\data\extensions\redhat.java-0.73.0\server\plugins\org.eclipse.equinox.launcher_1.6.0.v20200915-1508.jar -configuration c:\Users\Public\wpilib\2021\vscode\data\user-data\User\globalStorage\redhat.java\0.73.0\config_win -data c:\Users\Public\wpilib\2021\vscode\data\user-data\User\workspaceStorage\742f11c85b77d84e30fc7c60643a43c4\redhat.java\jdt_ws
java_class_path (initial): c:\Users\Public\wpilib\2021\vscode\data\extensions\redhat.java-0.73.0\server\plugins\org.eclipse.equinox.launcher_1.6.0.v20200915-1508.jar
Launcher Type: SUN_STANDARD

[Global flags]
    uintx AdaptiveSizePolicyWeight                 = 90                                        {product} {command line}
     bool BytecodeVerificationLocal                = false                                     {product} {command line}
     bool BytecodeVerificationRemote               = false                                     {product} {command line}
     intx CICompilerCount                          = 3                                         {product} {ergonomic}
    uintx GCTimeRatio                              = 4                                         {product} {command line}
   size_t InitialHeapSize                          = 104857600                                 {product} {command line}
   size_t MaxHeapSize                              = 1073741824                                {product} {command line}
   size_t MaxNewSize                               = 357564416                                 {product} {ergonomic}
   size_t MinHeapDeltaBytes                        = 524288                                    {product} {ergonomic}
   size_t NewSize                                  = 34603008                                  {product} {ergonomic}
    uintx NonNMethodCodeHeapSize                   = 5830732                                {pd product} {ergonomic}
    uintx NonProfiledCodeHeapSize                  = 122913754                              {pd product} {ergonomic}
   size_t OldSize                                  = 70254592                                  {product} {ergonomic}
    uintx ProfiledCodeHeapSize                     = 122913754                              {pd product} {ergonomic}
    uintx ReservedCodeCacheSize                    = 251658240                              {pd product} {ergonomic}
     bool SegmentedCodeCache                       = true                                      {product} {ergonomic}
     bool UseCompressedClassPointers               = true                                 {lp64_product} {ergonomic}
     bool UseCompressedOops                        = true                                 {lp64_product} {ergonomic}
     bool UseLargePagesIndividualAllocation        = false                                  {pd product} {ergonomic}
     bool UseParallelGC                            = true                                      {product} {command line}

Logging:
Log output configuration:
 #0: stdout all=warning uptime,level,tags
 #1: stderr all=off uptime,level,tags

Environment Variables:
PATH=C:\Program Files\National Instruments\Shared\OpenVINO\;C:\Python37\Scripts\;C:\Python37\;C:\Program Files (x86)\Common Files\Oracle\Java\javapath;C:\ProgramData\Oracle\Java\javapath;C:\Program Files (x86)\NVIDIA Corporation\PhysX\Common;C:\Program Files (x86)\Intel\iCLS Client\;C:\Program Files\Intel\iCLS Client\;C:\WINDOWS\system32;C:\WINDOWS;C:\WINDOWS\System32\Wbem;C:\WINDOWS\System32\WindowsPowerShell\v1.0\;C:\Program Files (x86)\Intel\Intel(R) Management Engine Components\DAL;C:\Program Files\Intel\Intel(R) Management Engine Components\DAL;C:\Program Files (x86)\Intel\Intel(R) Management Engine Components\IPT;C:\Program Files\Intel\Intel(R) Management Engine Components\IPT;C:\Program Files\Microsoft SQL Server\Client SDK\ODBC\110\Tools\Binn\;C:\Program Files (x86)\Microsoft SQL Server\120\Tools\Binn\;C:\Program Files\Microsoft SQL Server\120\Tools\Binn\;C:\Program Files\Microsoft SQL Server\120\DTS\Binn\;C:\Program Files (x86)\Windows Kits\8.1\Windows Performance Toolkit\;C:\WINDOWS\System32\OpenSSH\;C:\Users\lpaul\AppData\Local\Programs\Python\Python37-32\;C:\Users\lpaul\AppData\Local\Programs\Python\Python37-32\Scripts\;C:\Program Files\Microsoft SQL Server\130\Tools\Binn\;C:\MinGW\bin;C:\Python27;C:\Python27\Scripts;C:\Program Files\Git\cmd;C:\Program Files\dotnet\;C:\Users\lpaul\.cargo\bin;C:\Users\lpaul\AppData\Local\Microsoft\WindowsApps;C:\Users\lpaul\AppData\Local\Programs\Microsoft VS Code\bin;C:\Users\Public\frc2019\roborio\bin;C:\Users\Public\frc2019\frccode;C:\Users\lpaul\Downloads\libav-x86_64-w64-mingw32-11.7\libav-x86_64-w64-mingw32-11.7\usr\bin;;C:\Program Files\JetBrains\IntelliJ IDEA Community Edition 2019.2.2\bin;C:\Users\lpaul\.dotnet\tools;%USERPROFILE%\AppData\Local\Microsoft\WindowsApps
USERNAME=lpaulb116
OS=Windows_NT
PROCESSOR_IDENTIFIER=Intel64 Family 6 Model 61 Stepping 4, GenuineIntel



---------------  S Y S T E M  ---------------

OS: Windows 10 , 64 bit Build 19041 (10.0.19041.804)
OS uptime: 1 days 17:48 hours

CPU:total 4 (initial active 4) (2 cores per cpu, 2 threads per core) family 6 model 61 stepping 4, cmov, cx8, fxsr, mmx, sse, sse2, sse3, ssse3, sse4.1, sse4.2, popcnt, avx, avx2, aes, clmul, erms, 3dnowpref, lzcnt, ht, tsc, tscinvbit, bmi1, bmi2, adx, fma

Memory: 4k page, system-wide physical 8097M (3407M free)
TotalPageFile size 10521M (AvailPageFile size 4711M)
current process WorkingSet (physical memory assigned to process): 90M, peak: 90M
current process commit charge ("private bytes"): 205M, peak: 205M

vm_info: OpenJDK 64-Bit Server VM (11.0.8+10) for windows-amd64 JRE (11.0.8+10), built on Jul 15 2020 11:45:54 by "" with MS VC++ 15.9 (VS2017)

END.
