#
# A fatal error has been detected by the Java Runtime Environment:
#
#  EXCEPTION_ACCESS_VIOLATION (0xc0000005) at pc=0x00007ffec34b2a66, pid=17736, tid=11016
#
# JRE version: OpenJDK Runtime Environment AdoptOpenJDK (11.0.8+10) (build 11.0.8+10)
# Java VM: OpenJDK 64-Bit Server VM AdoptOpenJDK (11.0.8+10, mixed mode, tiered, compressed oops, parallel gc, windows-amd64)
# Problematic frame:
# V  [jvm.dll+0x1a2a66]
#
# No core dump will be written. Minidumps are not enabled by default on client versions of Windows
#
# If you would like to submit a bug report, please visit:
#   https://github.com/AdoptOpenJDK/openjdk-support/issues
#

---------------  S U M M A R Y ------------

Command Line: --add-modules=ALL-SYSTEM --add-opens=java.base/java.util=ALL-UNNAMED --add-opens=java.base/java.lang=ALL-UNNAMED -Declipse.application=org.eclipse.jdt.ls.core.id1 -Dosgi.bundles.defaultStartLevel=4 -Declipse.product=org.eclipse.jdt.ls.core.product -Dfile.encoding=utf8 -DwatchParentProcess=false -XX:+UseParallelGC -XX:GCTimeRatio=4 -XX:AdaptiveSizePolicyWeight=90 -Dsun.zip.disableMemoryMapping=true -Xmx1G -Xms100m -Xverify:none c:\Users\Public\wpilib\2021\vscode\data\extensions\redhat.java-0.73.0\server\plugins\org.eclipse.equinox.launcher_1.6.0.v20200915-1508.jar -configuration c:\Users\Public\wpilib\2021\vscode\data\user-data\User\globalStorage\redhat.java\0.73.0\config_win -data c:\Users\Public\wpilib\2021\vscode\data\user-data\User\workspaceStorage\742f11c85b77d84e30fc7c60643a43c4\redhat.java\jdt_ws

Host: Intel(R) Core(TM) i5-5200U CPU @ 2.20GHz, 4 cores, 7G,  Windows 10 , 64 bit Build 19041 (10.0.19041.804)
Time: Sun Feb 21 17:41:36 2021 Eastern Standard Time elapsed time: 0 seconds (0d 0h 0m 0s)

---------------  T H R E A D  ---------------

Current thread (0x000001c347c67000):  JavaThread "C1 CompilerThread0" daemon [_thread_in_native_trans, id=11016, stack(0x0000007ba3800000,0x0000007ba3900000)]
[error occurred during error reporting (printing current thread), id 0xc0000005, EXCEPTION_ACCESS_VIOLATION (0xc0000005) at pc=0x00007ffec3a0dea9]


[error occurred during error reporting (printing current compile task), id 0xc0000005, EXCEPTION_ACCESS_VIOLATION (0xc0000005) at pc=0x00007ffec39eaa04]

Stack: [0x0000007ba3800000,0x0000007ba3900000],  sp=0x0000007ba38fe580,  free space=1017k
Native frames: (J=compiled Java code, j=interpreted, Vv=VM code, C=native code)
V  [jvm.dll+0x1a2a66]
V  [jvm.dll+0x1549f8]
V  [jvm.dll+0x154984]
V  [jvm.dll+0x14cc86]
V  [jvm.dll+0x14ae7e]
V  [jvm.dll+0x137360]
V  [jvm.dll+0x11f079]
V  [jvm.dll+0x11e97f]
V  [jvm.dll+0x11ebaf]
V  [jvm.dll+0x11de57]
V  [jvm.dll+0x11fd67]
V  [jvm.dll+0x208f27]
V  [jvm.dll+0x20710b]
V  [jvm.dll+0x6dc339]
V  [jvm.dll+0x6d53e4]
V  [jvm.dll+0x5de996]
C  [ucrtbase.dll+0x21bb2]
C  [KERNEL32.DLL+0x17034]
C  [ntdll.dll+0x4d241]


[error occurred during error reporting (printing target Java thread stack), id 0xc0000005, EXCEPTION_ACCESS_VIOLATION (0xc0000005) at pc=0x00007ffec3a27727]


siginfo: EXCEPTION_ACCESS_VIOLATION (0xc0000005), writing address 0x00000000ffffffff


Register to memory mapping:

RIP=0x00007ffec34b2a66 jvm.dll
RAX=0x0 is NULL
RBX=0x000001c347c67000 is a thread
RCX=0x000001c347c67000 is a thread
RDX=0x0000000000000002 is an unknown value
RSP=0x0000007ba38fe580 is pointing into the stack for thread: 0x000001c347c67000
RBP=0x00000000ffffffff is an unallocated location in the heap
RSI=0x0 is NULL
RDI=0x000001c348f44390 points into unknown readable memory: 60 8b b0 c3 fe 7f 00 00
R8 =0x000001c348f44390 points into unknown readable memory: 60 8b b0 c3 fe 7f 00 00
R9 =0x000001c348e03ab0 points into unknown readable memory: b8 09 af c3 fe 7f 00 00
R10=0x000001c347c41f20 points into unknown readable memory: 01 00 00 00 1e 00 00 00
R11={method} {0x000001c34738dd90} 'reverseBytes' '(C)C' in 'java/lang/Character'
R12=0x00007ffec3af09b8 jvm.dll
R13=0x0 is NULL
R14=0x000001c348e03ab0 points into unknown readable memory: b8 09 af c3 fe 7f 00 00
R15=0x000001c348f44390 points into unknown readable memory: 60 8b b0 c3 fe 7f 00 00


Registers:
RAX=0x0000000000000000, RBX=0x000001c347c67000, RCX=0x000001c347c67000, RDX=0x0000000000000002
RSP=0x0000007ba38fe580, RBP=0x00000000ffffffff, RSI=0x0000000000000000, RDI=0x000001c348f44390
R8 =0x000001c348f44390, R9 =0x000001c348e03ab0, R10=0x000001c347c41f20, R11=0x000001c34738dd88
R12=0x00007ffec3af09b8, R13=0x0000000000000000, R14=0x000001c348e03ab0, R15=0x000001c348f44390
RIP=0x00007ffec34b2a66, EFLAGS=0x0000000000010206

Top of Stack: (sp=0x0000007ba38fe580)
0x0000007ba38fe580:   000001c348f44390 000001c348e01150
0x0000007ba38fe590:   000001c348e004d8 00007ffec3445c2b
0x0000007ba38fe5a0:   000001c348e00330 00007ffec3433dc3
0x0000007ba38fe5b0:   0000007ba38fe830 00007ffec34649f8
0x0000007ba38fe5c0:   000001c348e004e0 000001c347c67000
0x0000007ba38fe5d0:   000000000000000b 0000000000000000
0x0000007ba38fe5e0:   000001c347c67000 0000007ba38fe6a0
0x0000007ba38fe5f0:   00000000ffffffff 000001c348e039d0
0x0000007ba38fe600:   000001c348e00f50 000001c348e03ab0
0x0000007ba38fe610:   0000000000000000 00000000000007ff
0x0000007ba38fe620:   0000007ba38fe830 00007ffec3464984
0x0000007ba38fe630:   000000000000000b 000001c348e039d0
0x0000007ba38fe640:   000001c348f44390 000001c347c67000
0x0000007ba38fe650:   00000000000007ff 00000000ffffffff
0x0000007ba38fe660:   0000007b00000000 000001c348e03a01
0x0000007ba38fe670:   00007ffec3af09b8 0000000000000000 

Instructions: (pc=0x00007ffec34b2a66)
0x00007ffec34b2966:   00 48 8b cd e8 d1 76 f1 ff 49 8b ce e8 39 76 f1
0x00007ffec34b2976:   ff 48 8b 84 24 90 00 00 00 48 8b 9c 24 98 00 00
0x00007ffec34b2986:   00 48 89 45 20 4c 89 75 10 4c 89 65 18 48 83 c4
0x00007ffec34b2996:   40 41 5f 41 5e 41 5d 41 5c 5f 5e 5d c3 cc cc cc
0x00007ffec34b29a6:   cc cc cc cc cc cc cc cc cc cc 48 89 5c 24 18 48
0x00007ffec34b29b6:   89 74 24 20 57 48 83 ec 30 8b 15 a7 88 88 00 48
0x00007ffec34b29c6:   8b f9 65 48 8b 04 25 58 00 00 00 bb 08 00 00 00
0x00007ffec34b29d6:   48 8b 04 d0 48 8b 1c 03 48 89 5c 24 48 c7 83 b8
0x00007ffec34b29e6:   03 00 00 05 00 00 00 80 3d 5c 8e 7e 00 00 75 09
0x00007ffec34b29f6:   83 3d 93 03 86 00 01 74 18 80 3d 4b 8e 7e 00 00
0x00007ffec34b2a06:   74 07 e8 93 e8 42 00 eb 08 48 8b cb e8 69 80 f5
0x00007ffec34b2a16:   ff 83 3d 72 4c 86 00 01 75 1b 48 8b 03 48 8b cb
0x00007ffec34b2a26:   ff 50 20 84 c0 74 0e 48 8b 83 08 01 00 00 c0 e8
0x00007ffec34b2a36:   03 24 01 eb 0b 8b 05 0f 49 86 00 85 c0 0f 95 c0
0x00007ffec34b2a46:   84 c0 75 0d 8b 83 d8 00 00 00 a9 00 00 00 30 74
0x00007ffec34b2a56:   08 48 8b cb 4c 00 61 00 74 00 69 00 74 00 75 00
0x00007ffec34b2a66:   64 00 65 00 20 00 33 00 34 00 36 00 30 00 20 00
0x00007ffec34b2a76:   20 00 20 00 20 00 20 00 20 00 20 00 20 00 20 00
0x00007ffec34b2a86:   20 00 20 00 20 00 20 00 20 00 20 00 20 00 20 00
0x00007ffec34b2a96:   20 00 20 00 20 00 20 00 20 00 20 00 20 00 20 00
0x00007ffec34b2aa6:   20 00 20 00 20 00 20 00 20 00 20 00 20 00 20 00
0x00007ffec34b2ab6:   20 00 20 00 20 00 20 00 20 00 20 00 20 00 20 00
0x00007ffec34b2ac6:   20 00 20 00 20 00 20 00 20 00 20 00 20 00 20 00
0x00007ffec34b2ad6:   20 00 20 00 20 00 20 00 20 00 20 00 20 00 20 00
0x00007ffec34b2ae6:   20 00 20 00 20 00 20 00 20 00 20 00 20 00 20 00
0x00007ffec34b2af6:   20 00 20 00 00 00 48 8b 43 10 48 89 47 10 48 8b
0x00007ffec34b2b06:   4b 18 48 89 4f 18 48 8b 4b 20 48 89 4f 20 48 8d
0x00007ffec34b2b16:   4c 24 48 e8 72 12 f8 ff 48 8b 5c 24 50 48 8b c6
0x00007ffec34b2b26:   48 8b 74 24 58 48 83 c4 30 5f c3 cc cc cc cc cc
0x00007ffec34b2b36:   cc cc cc cc cc cc cc cc cc cc 48 89 5c 24 08 48
0x00007ffec34b2b46:   89 74 24 10 48 89 7c 24 18 41 56 48 83 ec 20 65
0x00007ffec34b2b56:   48 8b 04 25 58 00 00 00 48 8b f1 44 8b 05 04 87 


Stack slot to memory mapping:
stack at sp + 0 slots: 0x000001c348f44390 points into unknown readable memory: 60 8b b0 c3 fe 7f 00 00
stack at sp + 1 slots: 0x000001c348e01150 points into unknown readable memory: 10 f9 df 48 c3 01 00 00
stack at sp + 2 slots: 0x000001c348e004d8 points into unknown readable memory: 30 03 e0 48 c3 01 00 00
stack at sp + 3 slots: 0x00007ffec3445c2b jvm.dll
stack at sp + 4 slots: 0x000001c348e00330 points into unknown readable memory: 60 ac af c3 fe 7f 00 00
stack at sp + 5 slots: 0x00007ffec3433dc3 jvm.dll
stack at sp + 6 slots: 0x0000007ba38fe830 is pointing into the stack for thread: 0x000001c347c67000
stack at sp + 7 slots: 0x00007ffec34649f8 jvm.dll


[error occurred during error reporting (printing VM operation), id 0xc0000005, EXCEPTION_ACCESS_VIOLATION (0xc0000005) at pc=0x00007ffec36e3325]


---------------  P R O C E S S  ---------------

Threads class SMR info:
_java_thread_list=0x000001c348fe05a0, length=10, elements={
0x000001c32bcb4000, 0x000001c347c40800, 0x000001c347c4c800, 0x000001c348de2800,
0x000001c348de3800, 0x000001c347c57000, 0x000001c347c67000, 0x000001c347c6a000,
0x000001c348f0a000, 0x000001c349005000
}

Java Threads: ( => current thread )
  0x000001c32bcb4000 JavaThread "main" [_thread_in_vm, id=2464, stack(0x0000007ba3000000,0x0000007ba3100000)]
  0x000001c347c40800 JavaThread "Reference Handler" daemon [_thread_blocked, id=21136, stack(0x0000007ba3300000,0x0000007ba3400000)]
  0x000001c347c4c800 JavaThread "Finalizer" daemon [_thread_blocked, id=17708, stack(0x0000007ba3400000,0x0000007ba3500000)]
  0x000001c348de2800 JavaThread "Signal Dispatcher" daemon [_thread_blocked, id=20392, stack(0x0000007ba3500000,0x0000007ba3600000)]
  0x000001c348de3800 JavaThread "Attach Listener" daemon [_thread_blocked, id=16780, stack(0x0000007ba3600000,0x0000007ba3700000)]
  0x000001c347c57000 JavaThread "C2 CompilerThread0" daemon [_thread_blocked, id=20748, stack(0x0000007ba3700000,0x0000007ba3800000)]
=>0x000001c347c67000 JavaThread "C1 CompilerThread0" daemon [_thread_in_native_trans, id=11016, stack(0x0000007ba3800000,0x0000007ba3900000)]
[error occurred during error reporting (printing all threads), id 0xc0000005, EXCEPTION_ACCESS_VIOLATION (0xc0000005) at pc=0x00007ffec3a0dea9]

VM state:not at safepoint (normal execution)

VM Mutex/Monitor currently owned by a thread: None

Heap address: 0x00000000c0000000, size: 1024 MB, Compressed Oops mode: 32-bit
Narrow klass base: 0x0000000000000000, Narrow klass shift: 3
Compressed class space size: 1073741824 Address: 0x0000000100000000

Heap:
 PSYoungGen      total 29696K, used 4615K [0x00000000eab00000, 0x00000000ecc00000, 0x0000000100000000)
  eden space 25600K, 18% used [0x00000000eab00000,0x00000000eaf81de0,0x00000000ec400000)
  from space 4096K, 0% used [0x00000000ec800000,0x00000000ec800000,0x00000000ecc00000)
  to   space 4096K, 0% used [0x00000000ec400000,0x00000000ec400000,0x00000000ec800000)
 ParOldGen       total 68608K, used 0K [0x00000000c0000000, 0x00000000c4300000, 0x00000000eab00000)
  object space 68608K, 0% used [0x00000000c0000000,0x00000000c0000000,0x00000000c4300000)
 Metaspace       used 8292K, capacity 8383K, committed 8576K, reserved 1056768K
  class space    used 735K, capacity 770K, committed 896K, reserved 1048576K

Card table byte_map: [0x000001c344d30000,0x000001c344f40000] _byte_map_base: 0x000001c344730000

Marking Bits: (ParMarkBitMap*) 0x00007ffec3d16e90
 Begin Bits: [0x000001c3450a0000, 0x000001c3460a0000)
 End Bits:   [0x000001c3460a0000, 0x000001c3470a0000)

Polling page: 0x000001c32bb80000

Metaspace:

Usage:
  Non-class:      7.43 MB capacity,     7.38 MB (>99%) used,    49.30 KB ( <1%) free+waste,     6.31 KB ( <1%) overhead. 
      Class:    770.00 KB capacity,   735.57 KB ( 96%) used,    31.87 KB (  4%) free+waste,     2.56 KB ( <1%) overhead. 
       Both:      8.19 MB capacity,     8.10 MB ( 99%) used,    81.16 KB ( <1%) free+waste,     8.88 KB ( <1%) overhead. 

Virtual space:
  Non-class space:        8.00 MB reserved,       7.50 MB ( 94%) committed 
      Class space:        1.00 GB reserved,     896.00 KB ( <1%) committed 
             Both:        1.01 GB reserved,       8.38 MB ( <1%) committed 

Chunk freelists:
   Non-Class:  3.00 KB
       Class:  0 bytes
        Both:  3.00 KB

MaxMetaspaceSize: 17179869184.00 GB
CompressedClassSpaceSize: 1.00 GB

CodeHeap 'non-profiled nmethods': size=120064Kb used=82Kb max_used=82Kb free=119981Kb
 bounds [0x000001c33d610000, 0x000001c33d880000, 0x000001c344b50000]
CodeHeap 'profiled nmethods': size=120000Kb used=393Kb max_used=393Kb free=119606Kb
 bounds [0x000001c3360e0000, 0x000001c336350000, 0x000001c33d610000]
CodeHeap 'non-nmethods': size=5696Kb used=1051Kb max_used=1062Kb free=4644Kb
 bounds [0x000001c335b50000, 0x000001c335dc0000, 0x000001c3360e0000]
 total_blobs=657 nmethods=309 adapters=262
 compilation: enabled
              stopped_count=0, restarted_count=0
 full_count=0

Compilation events (20 events):
Event: 0.285 Thread 0x000001c347c67000  293       3       java.io.InputStream::<init> (5 bytes)
Event: 0.285 Thread 0x000001c347c67000 nmethod 293 0x000001c336140390 code [0x000001c336140540, 0x000001c336140698]
Event: 0.285 Thread 0x000001c347c67000  294       3       sun.security.provider.SHA2::lf_S (11 bytes)
Event: 0.285 Thread 0x000001c347c67000 nmethod 294 0x000001c336140790 code [0x000001c336140940, 0x000001c336140a38]
Event: 0.285 Thread 0x000001c347c67000  295       3       sun.security.provider.SHA2::lf_R (4 bytes)
Event: 0.285 Thread 0x000001c347c67000 nmethod 295 0x000001c336140b10 code [0x000001c336140cc0, 0x000001c336140d98]
Event: 0.285 Thread 0x000001c347c57000  296       4       java.lang.StringLatin1::indexOf (61 bytes)
Event: 0.288 Thread 0x000001c347c57000 nmethod 296 0x000001c33d622910 code [0x000001c33d622aa0, 0x000001c33d622c18]
Event: 0.292 Thread 0x000001c347c67000  297       3       java.lang.StringLatin1::lastIndexOf (40 bytes)
Event: 0.292 Thread 0x000001c347c67000 nmethod 297 0x000001c336140e10 code [0x000001c336140fe0, 0x000001c336141398]
Event: 0.293 Thread 0x000001c347c67000  298       3       java.nio.HeapByteBuffer::byteOffset (7 bytes)
Event: 0.293 Thread 0x000001c347c67000 nmethod 298 0x000001c336141510 code [0x000001c3361416c0, 0x000001c3361417b8]
Event: 0.293 Thread 0x000001c347c67000  305       3       java.nio.HeapByteBuffer::getChar (25 bytes)
Event: 0.293 Thread 0x000001c347c57000  306       4       java.nio.HeapByteBuffer::byteOffset (7 bytes)
Event: 0.293 Thread 0x000001c347c67000 nmethod 305 0x000001c336141890 code [0x000001c336141a80, 0x000001c336141ee8]
Event: 0.293 Thread 0x000001c347c67000  299       3       java.nio.Buffer::nextGetIndex (32 bytes)
Event: 0.293 Thread 0x000001c347c67000 nmethod 299 0x000001c336142110 code [0x000001c3361422e0, 0x000001c3361424a8]
Event: 0.293 Thread 0x000001c347c67000  304       2       java.lang.Character::reverseBytes (14 bytes)
Event: 0.293 Thread 0x000001c347c57000 nmethod 306 0x000001c33d623210 code [0x000001c33d6233a0, 0x000001c33d623418]
Event: 0.293 Thread 0x000001c347c57000  307       4       java.nio.HeapByteBuffer::getChar (25 bytes)

GC Heap History (0 events):
No events

Deoptimization events (12 events):
Event: 0.204 Thread 0x000001c32bcb4000 Uncommon trap: trap_request=0xffffff4d fr.pc=0x000001c33d616578 relative=0x0000000000000058
Event: 0.204 Thread 0x000001c32bcb4000 Uncommon trap: reason=unstable_if action=reinterpret pc=0x000001c33d616578 method=java.lang.String.isLatin1()Z @ 10 c2
Event: 0.204 Thread 0x000001c32bcb4000 DEOPT PACKING pc=0x000001c33d616578 sp=0x0000007ba30fe9b0
Event: 0.204 Thread 0x000001c32bcb4000 DEOPT UNPACKING pc=0x000001c335b76caf sp=0x0000007ba30fe940 mode 2
Event: 0.205 Thread 0x000001c32bcb4000 Uncommon trap: trap_request=0xffffff4d fr.pc=0x000001c33d617330 relative=0x0000000000000070
Event: 0.205 Thread 0x000001c32bcb4000 Uncommon trap: reason=unstable_if action=reinterpret pc=0x000001c33d617330 method=java.lang.String.isLatin1()Z @ 10 c2
Event: 0.205 Thread 0x000001c32bcb4000 DEOPT PACKING pc=0x000001c33d617330 sp=0x0000007ba30ff0f0
Event: 0.205 Thread 0x000001c32bcb4000 DEOPT UNPACKING pc=0x000001c335b76caf sp=0x0000007ba30ff030 mode 2
Event: 0.246 Thread 0x000001c32bcb4000 Uncommon trap: trap_request=0xffffff4d fr.pc=0x000001c33d61d3a0 relative=0x0000000000000620
Event: 0.246 Thread 0x000001c32bcb4000 Uncommon trap: reason=unstable_if action=reinterpret pc=0x000001c33d61d3a0 method=java.util.HashMap.putVal(ILjava/lang/Object;Ljava/lang/Object;ZZ)Ljava/lang/Object; @ 181 c2
Event: 0.246 Thread 0x000001c32bcb4000 DEOPT PACKING pc=0x000001c33d61d3a0 sp=0x0000007ba30fded0
Event: 0.246 Thread 0x000001c32bcb4000 DEOPT UNPACKING pc=0x000001c335b76caf sp=0x0000007ba30fde40 mode 2

Classes redefined (0 events):
No events

Internal exceptions (0 events):
No events

Events (20 events):
Event: 0.291 loading class jdk/internal/jimage/decompressor/Decompressor
Event: 0.291 loading class jdk/internal/jimage/decompressor/Decompressor done
Event: 0.291 loading class jdk/internal/jimage/ImageLocation
Event: 0.291 loading class jdk/internal/jimage/ImageLocation done
Event: 0.291 loading class java/lang/invoke/DirectMethodHandle$Special
Event: 0.291 loading class java/lang/invoke/DirectMethodHandle$Special done
Event: 0.292 loading class java/io/DataInputStream
Event: 0.292 loading class java/io/DataInputStream done
Event: 0.292 loading class sun/text/normalizer/VersionInfo
Event: 0.292 loading class sun/text/normalizer/VersionInfo done
Event: 0.292 loading class sun/text/normalizer/Trie2_16
Event: 0.292 loading class sun/text/normalizer/Trie2
Event: 0.292 loading class sun/text/normalizer/Trie2 done
Event: 0.292 loading class sun/text/normalizer/Trie2_16 done
Event: 0.292 loading class sun/text/normalizer/Trie2$1
Event: 0.292 loading class sun/text/normalizer/Trie2$ValueMapper
Event: 0.292 loading class sun/text/normalizer/Trie2$ValueMapper done
Event: 0.292 loading class sun/text/normalizer/Trie2$1 done
Event: 0.292 loading class sun/text/normalizer/Trie2$UTrie2Header
Event: 0.292 loading class sun/text/normalizer/Trie2$UTrie2Header done


Dynamic libraries:
0x00007ff72b920000 - 0x00007ff72b92d000 	C:\Users\Public\wpilib\2021\jdk\bin\java.exe
0x00007fff252f0000 - 0x00007fff254e6000 	C:\WINDOWS\SYSTEM32\ntdll.dll
0x00007fff243e0000 - 0x00007fff2449d000 	C:\WINDOWS\System32\KERNEL32.DLL
0x00007fff22ce0000 - 0x00007fff22fa9000 	C:\WINDOWS\System32\KERNELBASE.dll
0x00007fff23120000 - 0x00007fff23220000 	C:\WINDOWS\System32\ucrtbase.dll
0x00007fff00500000 - 0x00007fff00517000 	C:\Users\Public\wpilib\2021\jdk\bin\jli.dll
0x00007fff00470000 - 0x00007fff00489000 	C:\Users\Public\wpilib\2021\jdk\bin\VCRUNTIME140.dll
0x00007fff23740000 - 0x00007fff238e0000 	C:\WINDOWS\System32\USER32.dll
0x00007fff22c80000 - 0x00007fff22ca2000 	C:\WINDOWS\System32\win32u.dll
0x00007fff24800000 - 0x00007fff2482a000 	C:\WINDOWS\System32\GDI32.dll
0x00007fff14dd0000 - 0x00007fff1506b000 	C:\WINDOWS\WinSxS\amd64_microsoft.windows.common-controls_6595b64144ccf1df_6.0.19041.746_none_ca02b4b61b8320a4\COMCTL32.dll
0x00007fff23010000 - 0x00007fff2311b000 	C:\WINDOWS\System32\gdi32full.dll
0x00007fff233b0000 - 0x00007fff2344e000 	C:\WINDOWS\System32\msvcrt.dll
0x00007fff22be0000 - 0x00007fff22c7d000 	C:\WINDOWS\System32\msvcp_win.dll
0x00007fff24c70000 - 0x00007fff24ca0000 	C:\WINDOWS\System32\IMM32.DLL
0x00007ffef1930000 - 0x00007ffef19c2000 	C:\Users\Public\wpilib\2021\jdk\bin\msvcp140.dll
0x00007fff19310000 - 0x00007fff1931c000 	C:\Users\Public\wpilib\2021\jdk\bin\VCRUNTIME140_1.dll
0x00007ffec3310000 - 0x00007ffec3dcd000 	C:\Users\Public\wpilib\2021\jdk\bin\server\jvm.dll
0x00007fff23960000 - 0x00007fff23a0c000 	C:\WINDOWS\System32\ADVAPI32.dll
0x00007fff24760000 - 0x00007fff247fc000 	C:\WINDOWS\System32\sechost.dll
0x00007fff245d0000 - 0x00007fff246fb000 	C:\WINDOWS\System32\RPCRT4.dll
0x00007fff24830000 - 0x00007fff24838000 	C:\WINDOWS\System32\PSAPI.DLL
0x00007fff19dd0000 - 0x00007fff19df7000 	C:\WINDOWS\SYSTEM32\WINMM.dll
0x00007fff13410000 - 0x00007fff1341a000 	C:\WINDOWS\SYSTEM32\VERSION.dll
0x00007fff04ff0000 - 0x00007fff04ff9000 	C:\WINDOWS\SYSTEM32\WSOCK32.dll
0x00007fff25240000 - 0x00007fff252ab000 	C:\WINDOWS\System32\WS2_32.dll
0x00007fff20980000 - 0x00007fff20992000 	C:\WINDOWS\SYSTEM32\kernel.appcore.dll
0x00007fff18cf0000 - 0x00007fff18d00000 	C:\Users\Public\wpilib\2021\jdk\bin\verify.dll
0x00007fff1af50000 - 0x00007fff1b134000 	C:\WINDOWS\SYSTEM32\DBGHELP.DLL
0x00007fff1a830000 - 0x00007fff1a85c000 	C:\WINDOWS\SYSTEM32\dbgcore.DLL
0x00007fff232d0000 - 0x00007fff23350000 	C:\WINDOWS\System32\bcryptPrimitives.dll
0x00007fff00060000 - 0x00007fff00088000 	C:\Users\Public\wpilib\2021\jdk\bin\java.dll
0x00007fff14cb0000 - 0x00007fff14cba000 	C:\Users\Public\wpilib\2021\jdk\bin\jimage.dll
0x00007ffefe250000 - 0x00007ffefe267000 	C:\Users\Public\wpilib\2021\jdk\bin\zip.dll
0x00007fff23aa0000 - 0x00007fff241e2000 	C:\WINDOWS\System32\SHELL32.dll
0x00007fff20b80000 - 0x00007fff21310000 	C:\WINDOWS\SYSTEM32\windows.storage.dll
0x00007fff24910000 - 0x00007fff24c66000 	C:\WINDOWS\System32\combase.dll
0x00007fff223c0000 - 0x00007fff223ec000 	C:\WINDOWS\SYSTEM32\Wldp.dll
0x00007fff24330000 - 0x00007fff243de000 	C:\WINDOWS\System32\SHCORE.dll
0x00007fff23350000 - 0x00007fff233a5000 	C:\WINDOWS\System32\shlwapi.dll
0x00007fff22960000 - 0x00007fff22986000 	C:\WINDOWS\SYSTEM32\profapi.dll
0x00007ffeef430000 - 0x00007ffeef449000 	C:\Users\Public\wpilib\2021\jdk\bin\net.dll
0x00007fff13bf0000 - 0x00007fff13cf0000 	C:\WINDOWS\SYSTEM32\WINHTTP.dll
0x00007fff22140000 - 0x00007fff221aa000 	C:\WINDOWS\system32\mswsock.dll
0x00007ffeef410000 - 0x00007ffeef422000 	C:\Users\Public\wpilib\2021\jdk\bin\nio.dll

dbghelp: loaded successfully - version: 4.0.5 - missing functions: none
symbol engine: initialized successfully - sym options: 0x614 - pdb path: .;C:\Users\Public\wpilib\2021\jdk\bin;C:\WINDOWS\SYSTEM32;C:\WINDOWS\WinSxS\amd64_microsoft.windows.common-controls_6595b64144ccf1df_6.0.19041.746_none_ca02b4b61b8320a4;C:\Users\Public\wpilib\2021\jdk\bin\server

VM Arguments:
jvm_args: --add-modules=ALL-SYSTEM --add-opens=java.base/java.util=ALL-UNNAMED --add-opens=java.base/java.lang=ALL-UNNAMED -Declipse.application=org.eclipse.jdt.ls.core.id1 -Dosgi.bundles.defaultStartLevel=4 -Declipse.product=org.eclipse.jdt.ls.core.product -Dfile.encoding=utf8 -DwatchParentProcess=false -XX:+UseParallelGC -XX:GCTimeRatio=4 -XX:AdaptiveSizePolicyWeight=90 -Dsun.zip.disableMemoryMapping=true -Xmx1G -Xms100m -Xverify:none 
java_command: c:\Users\Public\wpilib\2021\vscode\data\extensions\redhat.java-0.73.0\server\plugins\org.eclipse.equinox.launcher_1.6.0.v20200915-1508.jar -configuration c:\Users\Public\wpilib\2021\vscode\data\user-data\User\globalStorage\redhat.java\0.73.0\config_win -data c:\Users\Public\wpilib\2021\vscode\data\user-data\User\workspaceStorage\742f11c85b77d84e30fc7c60643a43c4\redhat.java\jdt_ws
java_class_path (initial): c:\Users\Public\wpilib\2021\vscode\data\extensions\redhat.java-0.73.0\server\plugins\org.eclipse.equinox.launcher_1.6.0.v20200915-1508.jar
Launcher Type: SUN_STANDARD

[Global flags]
    uintx AdaptiveSizePolicyWeight                 = 90                                        {product} {command line}
     bool BytecodeVerificationLocal                = false                                     {product} {command line}
     bool BytecodeVerificationRemote               = false                                     {product} {command line}
     intx CICompilerCount                          = 3                                         {product} {ergonomic}
    uintx GCTimeRatio                              = 4                                         {product} {command line}
   size_t InitialHeapSize                          = 104857600                                 {product} {command line}
   size_t MaxHeapSize                              = 1073741824                                {product} {command line}
   size_t MaxNewSize                               = 357564416                                 {product} {ergonomic}
   size_t MinHeapDeltaBytes                        = 524288                                    {product} {ergonomic}
   size_t NewSize                                  = 34603008                                  {product} {ergonomic}
    uintx NonNMethodCodeHeapSize                   = 5830732                                {pd product} {ergonomic}
    uintx NonProfiledCodeHeapSize                  = 122913754                              {pd product} {ergonomic}
   size_t OldSize                                  = 70254592                                  {product} {ergonomic}
    uintx ProfiledCodeHeapSize                     = 122913754                              {pd product} {ergonomic}
    uintx ReservedCodeCacheSize                    = 251658240                              {pd product} {ergonomic}
     bool SegmentedCodeCache                       = true                                      {product} {ergonomic}
     bool UseCompressedClassPointers               = true                                 {lp64_product} {ergonomic}
     bool UseCompressedOops                        = true                                 {lp64_product} {ergonomic}
     bool UseLargePagesIndividualAllocation        = false                                  {pd product} {ergonomic}
     bool UseParallelGC                            = true                                      {product} {command line}

Logging:
Log output configuration:
 #0: stdout all=warning uptime,level,tags
 #1: stderr all=off uptime,level,tags

Environment Variables:
PATH=C:\Program Files\National Instruments\Shared\OpenVINO\;C:\Python37\Scripts\;C:\Python37\;C:\Program Files (x86)\Common Files\Oracle\Java\javapath;C:\ProgramData\Oracle\Java\javapath;C:\Program Files (x86)\NVIDIA Corporation\PhysX\Common;C:\Program Files (x86)\Intel\iCLS Client\;C:\Program Files\Intel\iCLS Client\;C:\WINDOWS\system32;C:\WINDOWS;C:\WINDOWS\System32\Wbem;C:\WINDOWS\System32\WindowsPowerShell\v1.0\;C:\Program Files (x86)\Intel\Intel(R) Management Engine Components\DAL;C:\Program Files\Intel\Intel(R) Management Engine Components\DAL;C:\Program Files (x86)\Intel\Intel(R) Management Engine Components\IPT;C:\Program Files\Intel\Intel(R) Management Engine Components\IPT;C:\Program Files\Microsoft SQL Server\Client SDK\ODBC\110\Tools\Binn\;C:\Program Files (x86)\Microsoft SQL Server\120\Tools\Binn\;C:\Program Files\Microsoft SQL Server\120\Tools\Binn\;C:\Program Files\Microsoft SQL Server\120\DTS\Binn\;C:\Program Files (x86)\Windows Kits\8.1\Windows Performance Toolkit\;C:\WINDOWS\System32\OpenSSH\;C:\Users\lpaul\AppData\Local\Programs\Python\Python37-32\;C:\Users\lpaul\AppData\Local\Programs\Python\Python37-32\Scripts\;C:\Program Files\Microsoft SQL Server\130\Tools\Binn\;C:\MinGW\bin;C:\Python27;C:\Python27\Scripts;C:\Program Files\Git\cmd;C:\Program Files\dotnet\;C:\Users\lpaul\.cargo\bin;C:\Users\lpaul\AppData\Local\Microsoft\WindowsApps;C:\Users\lpaul\AppData\Local\Programs\Microsoft VS Code\bin;C:\Users\Public\frc2019\roborio\bin;C:\Users\Public\frc2019\frccode;C:\Users\lpaul\Downloads\libav-x86_64-w64-mingw32-11.7\libav-x86_64-w64-mingw32-11.7\usr\bin;;C:\Program Files\JetBrains\IntelliJ IDEA Community Edition 2019.2.2\bin;C:\Users\lpaul\.dotnet\tools;%USERPROFILE%\AppData\Local\Microsoft\WindowsApps
USERNAME=lpaulb116
OS=Windows_NT
PROCESSOR_IDENTIFIER=Intel64 Family 6 Model 61 Stepping 4, GenuineIntel



---------------  S Y S T E M  ---------------

OS: Windows 10 , 64 bit Build 19041 (10.0.19041.804)
OS uptime: 1 days 17:47 hours

CPU:total 4 (initial active 4) (2 cores per cpu, 2 threads per core) family 6 model 61 stepping 4, cmov, cx8, fxsr, mmx, sse, sse2, sse3, ssse3, sse4.1, sse4.2, popcnt, avx, avx2, aes, clmul, erms, 3dnowpref, lzcnt, ht, tsc, tscinvbit, bmi1, bmi2, adx, fma

Memory: 4k page, system-wide physical 8097M (3567M free)
TotalPageFile size 10521M (AvailPageFile size 4945M)
current process WorkingSet (physical memory assigned to process): 35M, peak: 35M
current process commit charge ("private bytes"): 176M, peak: 176M

vm_info: OpenJDK 64-Bit Server VM (11.0.8+10) for windows-amd64 JRE (11.0.8+10), built on Jul 15 2020 11:45:54 by "" with MS VC++ 15.9 (VS2017)

END.
