#
# A fatal error has been detected by the Java Runtime Environment:
#
#  EXCEPTION_ACCESS_VIOLATION (0xc0000005) at pc=0x00007ffec34b2a66, pid=1156, tid=9180
#
# JRE version: OpenJDK Runtime Environment AdoptOpenJDK (11.0.8+10) (build 11.0.8+10)
# Java VM: OpenJDK 64-Bit Server VM AdoptOpenJDK (11.0.8+10, mixed mode, tiered, compressed oops, parallel gc, windows-amd64)
# Problematic frame:
# V  [jvm.dll+0x1a2a66]
#
# No core dump will be written. Minidumps are not enabled by default on client versions of Windows
#
# If you would like to submit a bug report, please visit:
#   https://github.com/AdoptOpenJDK/openjdk-support/issues
#

---------------  S U M M A R Y ------------

Command Line: --add-modules=ALL-SYSTEM --add-opens=java.base/java.util=ALL-UNNAMED --add-opens=java.base/java.lang=ALL-UNNAMED -Declipse.application=org.eclipse.jdt.ls.core.id1 -Dosgi.bundles.defaultStartLevel=4 -Declipse.product=org.eclipse.jdt.ls.core.product -Dfile.encoding=utf8 -DwatchParentProcess=false -XX:+UseParallelGC -XX:GCTimeRatio=4 -XX:AdaptiveSizePolicyWeight=90 -Dsun.zip.disableMemoryMapping=true -Xmx1G -Xms100m -Xverify:none c:\Users\Public\wpilib\2021\vscode\data\extensions\redhat.java-0.73.0\server\plugins\org.eclipse.equinox.launcher_1.6.0.v20200915-1508.jar -configuration c:\Users\Public\wpilib\2021\vscode\data\user-data\User\globalStorage\redhat.java\0.73.0\config_win -data c:\Users\Public\wpilib\2021\vscode\data\user-data\User\workspaceStorage\742f11c85b77d84e30fc7c60643a43c4\redhat.java\jdt_ws

Host: Intel(R) Core(TM) i5-5200U CPU @ 2.20GHz, 4 cores, 7G,  Windows 10 , 64 bit Build 19041 (10.0.19041.804)
Time: Sun Feb 21 17:41:24 2021 Eastern Standard Time elapsed time: 3 seconds (0d 0h 0m 3s)

---------------  T H R E A D  ---------------

Current thread (0x000001d660e41000):  
[error occurred during error reporting (printing current thread), id 0xc0000005, EXCEPTION_ACCESS_VIOLATION (0xc0000005) at pc=0x00007ffec3c18580]

Stack: [0x000000c4fac00000,0x000000c4fad00000],  sp=0x000000c4facfe7b0,  free space=1017k
Native frames: (J=compiled Java code, j=interpreted, Vv=VM code, C=native code)
V  [jvm.dll+0x1a2a66]
V  [jvm.dll+0x1549f8]
V  [jvm.dll+0x154984]
V  [jvm.dll+0x14cc86]
V  [jvm.dll+0x14ae7e]
V  [jvm.dll+0x137360]
V  [jvm.dll+0x11f079]
V  [jvm.dll+0x11e97f]
V  [jvm.dll+0x11ebaf]
V  [jvm.dll+0x11de57]
V  [jvm.dll+0x11fd67]
V  [jvm.dll+0x208f27]
V  [jvm.dll+0x20710b]
V  [jvm.dll+0x6dc339]
V  [jvm.dll+0x6d53e4]
V  [jvm.dll+0x5de996]
C  [ucrtbase.dll+0x21bb2]
C  [KERNEL32.DLL+0x17034]
C  [ntdll.dll+0x4d241]


siginfo: EXCEPTION_ACCESS_VIOLATION (0xc0000005), writing address 0x00000000ffffffff


Register to memory mapping:

RIP=0x00007ffec34b2a66 jvm.dll
RAX=0x0 is NULL
RBX=0x000001d660e41000 is a thread
RCX=0x000001d660e41000 is a thread
RDX=0x0000000000000002 is an unknown value
RSP=0x000000c4facfe7b0 is pointing into the stack for thread: 0x000001d660e41000
RBP=0x00000000ffffffff is an unallocated location in the heap
RSI=0x0 is NULL
RDI=0x000001d66311a8f0 points into unknown readable memory: 60 8b b0 c3 fe 7f 00 00
R8 =0x000001d66311a8f0 points into unknown readable memory: 60 8b b0 c3 fe 7f 00 00
R9 =0x000001d662e7cba0 points into unknown readable memory: b8 09 af c3 fe 7f 00 00
R10=0x000001d660e230a0 points into unknown readable memory: 01 00 00 00 1e 00 00 00
R11={method} {0x000001d6645051e8} 'isValid' '(I)Z' in 'com/sun/org/apache/xerces/internal/util/XMLChar'
R12=0x00007ffec3af09b8 jvm.dll
R13=0x0 is NULL
R14=0x000001d662e7cba0 points into unknown readable memory: b8 09 af c3 fe 7f 00 00
R15=0x000001d66311a8f0 points into unknown readable memory: 60 8b b0 c3 fe 7f 00 00


Registers:
RAX=0x0000000000000000, RBX=0x000001d660e41000, RCX=0x000001d660e41000, RDX=0x0000000000000002
RSP=0x000000c4facfe7b0, RBP=0x00000000ffffffff, RSI=0x0000000000000000, RDI=0x000001d66311a8f0
R8 =0x000001d66311a8f0, R9 =0x000001d662e7cba0, R10=0x000001d660e230a0, R11=0x000001d6645051e0
R12=0x00007ffec3af09b8, R13=0x0000000000000000, R14=0x000001d662e7cba0, R15=0x000001d66311a8f0
RIP=0x00007ffec34b2a66, EFLAGS=0x0000000000010206

Top of Stack: (sp=0x000000c4facfe7b0)
0x000000c4facfe7b0:   000000c4facfe819 00007ffec348013e
0x000000c4facfe7c0:   0000000000000001 000001d662f70130
0x000000c4facfe7d0:   0000000000000008 00007ffec3433dc3
0x000000c4facfe7e0:   000000c4facfea60 00007ffec34649f8
0x000000c4facfe7f0:   0000000200000000 000001d660e41000
0x000000c4facfe800:   000000000000000b 0000000000000000
0x000000c4facfe810:   000001d660e41000 000000c4facfe8d0
0x000000c4facfe820:   00000000ffffffff 000001d662e7cac0
0x000000c4facfe830:   000001d662f73d20 000001d662e7cba0
0x000000c4facfe840:   0000000000000000 00000000000007ff
0x000000c4facfe850:   000000c4facfea60 00007ffec3464984
0x000000c4facfe860:   000000000000000b 000001d662e7cac0
0x000000c4facfe870:   000001d66311a8f0 000001d660e41000
0x000000c4facfe880:   00000000000007ff 00000000ffffffff
0x000000c4facfe890:   000000c400000000 000001d662e7cb01
0x000000c4facfe8a0:   00007ffec3af09b8 0000000000000000 

Instructions: (pc=0x00007ffec34b2a66)
0x00007ffec34b2966:   00 48 8b cd e8 d1 76 f1 ff 49 8b ce e8 39 76 f1
0x00007ffec34b2976:   ff 48 8b 84 24 90 00 00 00 48 8b 9c 24 98 00 00
0x00007ffec34b2986:   00 48 89 45 20 4c 89 75 10 4c 89 65 18 48 83 c4
0x00007ffec34b2996:   40 41 5f 41 5e 41 5d 41 5c 5f 5e 5d c3 cc cc cc
0x00007ffec34b29a6:   cc cc cc cc cc cc cc cc cc cc 48 89 5c 24 18 48
0x00007ffec34b29b6:   89 74 24 20 57 48 83 ec 30 8b 15 a7 88 88 00 48
0x00007ffec34b29c6:   8b f9 65 48 8b 04 25 58 00 00 00 bb 08 00 00 00
0x00007ffec34b29d6:   48 8b 04 d0 48 8b 1c 03 48 89 5c 24 48 c7 83 b8
0x00007ffec34b29e6:   03 00 00 05 00 00 00 80 3d 5c 8e 7e 00 00 75 09
0x00007ffec34b29f6:   83 3d 93 03 86 00 01 74 18 80 3d 4b 8e 7e 00 00
0x00007ffec34b2a06:   74 07 e8 93 e8 42 00 eb 08 48 8b cb e8 69 80 f5
0x00007ffec34b2a16:   ff 83 3d 72 4c 86 00 01 75 1b 48 8b 03 48 8b cb
0x00007ffec34b2a26:   ff 50 20 84 c0 74 0e 48 8b 83 08 01 00 00 c0 e8
0x00007ffec34b2a36:   03 24 01 eb 0b 8b 05 0f 49 86 00 85 c0 0f 95 c0
0x00007ffec34b2a46:   84 c0 75 0d 8b 83 d8 00 00 00 a9 00 00 00 30 74
0x00007ffec34b2a56:   08 48 8b cb 4c 00 61 00 74 00 69 00 74 00 75 00
0x00007ffec34b2a66:   64 00 65 00 20 00 33 00 34 00 36 00 30 00 20 00
0x00007ffec34b2a76:   20 00 20 00 20 00 20 00 20 00 20 00 20 00 20 00
0x00007ffec34b2a86:   20 00 20 00 20 00 20 00 20 00 20 00 20 00 20 00
0x00007ffec34b2a96:   20 00 20 00 20 00 20 00 20 00 20 00 20 00 20 00
0x00007ffec34b2aa6:   20 00 20 00 20 00 20 00 20 00 20 00 20 00 20 00
0x00007ffec34b2ab6:   20 00 20 00 20 00 20 00 20 00 20 00 20 00 20 00
0x00007ffec34b2ac6:   20 00 20 00 20 00 20 00 20 00 20 00 20 00 20 00
0x00007ffec34b2ad6:   20 00 20 00 20 00 20 00 20 00 20 00 20 00 20 00
0x00007ffec34b2ae6:   20 00 20 00 20 00 20 00 20 00 20 00 20 00 20 00
0x00007ffec34b2af6:   20 00 20 00 00 00 48 8b 43 10 48 89 47 10 48 8b
0x00007ffec34b2b06:   4b 18 48 89 4f 18 48 8b 4b 20 48 89 4f 20 48 8d
0x00007ffec34b2b16:   4c 24 48 e8 72 12 f8 ff 48 8b 5c 24 50 48 8b c6
0x00007ffec34b2b26:   48 8b 74 24 58 48 83 c4 30 5f c3 cc cc cc cc cc
0x00007ffec34b2b36:   cc cc cc cc cc cc cc cc cc cc 48 89 5c 24 08 48
0x00007ffec34b2b46:   89 74 24 10 48 89 7c 24 18 41 56 48 83 ec 20 65
0x00007ffec34b2b56:   48 8b 04 25 58 00 00 00 48 8b f1 44 8b 05 04 87 


Stack slot to memory mapping:
stack at sp + 0 slots: 0x000000c4facfe819 is pointing into the stack for thread: 0x000001d660e41000
stack at sp + 1 slots: 0x00007ffec348013e jvm.dll
stack at sp + 2 slots: 0x0000000000000001 is an unknown value
stack at sp + 3 slots: 0x000001d662f70130 points into unknown readable memory: e0 ed cf fa c4 00 00 00
stack at sp + 4 slots: 0x0000000000000008 is an unknown value
stack at sp + 5 slots: 0x00007ffec3433dc3 jvm.dll
stack at sp + 6 slots: 0x000000c4facfea60 is pointing into the stack for thread: 0x000001d660e41000
stack at sp + 7 slots: 0x00007ffec34649f8 jvm.dll


---------------  P R O C E S S  ---------------

Threads class SMR info:
_java_thread_list=0x000001d663223da0, length=16, elements={
0x000001d646e16000, 0x000001d660e23800, 0x000001d660e26000, 0x000001d661ea2800,
0x000001d661ea3800, 0x000001d660e39800, 0x000001d660e41000, 0x000001d660e44000,
0x000001d661fc9000, 0x000001d662056800, 0x000001d662583000, 0x000001d6624e4000,
0x000001d6626d4000, 0x000001d66262e800, 0x000001d6626d0800, 0x000001d663385000
}

Java Threads: ( => current thread )
  0x000001d646e16000 JavaThread "main" [_thread_blocked, id=16952, stack(0x000000c4fa400000,0x000000c4fa500000)]
  0x000001d660e23800 JavaThread "Reference Handler" daemon [_thread_blocked, id=16676, stack(0x000000c4fa700000,0x000000c4fa800000)]
  0x000001d660e26000 JavaThread "Finalizer" daemon [_thread_blocked, id=16616, stack(0x000000c4fa800000,0x000000c4fa900000)]
  0x000001d661ea2800 JavaThread "Signal Dispatcher" daemon [_thread_blocked, id=10248, stack(0x000000c4fa900000,0x000000c4faa00000)]
  0x000001d661ea3800 JavaThread "Attach Listener" daemon [_thread_blocked, id=11068, stack(0x000000c4faa00000,0x000000c4fab00000)]
  0x000001d660e39800 JavaThread "C2 CompilerThread0" daemon [_thread_in_native, id=8916, stack(0x000000c4fab00000,0x000000c4fac00000)]
=>0x000001d660e41000 
[error occurred during error reporting (printing all threads), id 0xc0000005, EXCEPTION_ACCESS_VIOLATION (0xc0000005) at pc=0x00007ffec3c18580]

VM state:not at safepoint (normal execution)

VM Mutex/Monitor currently owned by a thread: None

Heap address: 0x00000000c0000000, size: 1024 MB, Compressed Oops mode: 32-bit
Narrow klass base: 0x0000000000000000, Narrow klass shift: 3
Compressed class space size: 1073741824 Address: 0x0000000100000000

Heap:
 PSYoungGen      total 29696K, used 17910K [0x00000000eab00000, 0x00000000ecc00000, 0x0000000100000000)
  eden space 25600K, 54% used [0x00000000eab00000,0x00000000eb884820,0x00000000ec400000)
  from space 4096K, 99% used [0x00000000ec400000,0x00000000ec7f90f8,0x00000000ec800000)
  to   space 4096K, 0% used [0x00000000ec800000,0x00000000ec800000,0x00000000ecc00000)
 ParOldGen       total 68608K, used 264K [0x00000000c0000000, 0x00000000c4300000, 0x00000000eab00000)
  object space 68608K, 0% used [0x00000000c0000000,0x00000000c0042000,0x00000000c4300000)
 Metaspace       used 16419K, capacity 16942K, committed 17152K, reserved 1064960K
  class space    used 1540K, capacity 1666K, committed 1792K, reserved 1048576K

Card table byte_map: [0x000001d6466e0000,0x000001d6468f0000] _byte_map_base: 0x000001d6460e0000

Marking Bits: (ParMarkBitMap*) 0x00007ffec3d16e90
 Begin Bits: [0x000001d65e480000, 0x000001d65f480000)
 End Bits:   [0x000001d65f480000, 0x000001d660480000)

Polling page: 0x000001d644bf0000

Metaspace:

Usage:
  Non-class:     14.92 MB capacity,    14.53 MB ( 97%) used,   368.66 KB (  2%) free+waste,    27.38 KB ( <1%) overhead. 
      Class:      1.63 MB capacity,     1.50 MB ( 92%) used,   113.56 KB (  7%) free+waste,    12.44 KB ( <1%) overhead. 
       Both:     16.54 MB capacity,    16.04 MB ( 97%) used,   482.22 KB (  3%) free+waste,    39.81 KB ( <1%) overhead. 

Virtual space:
  Non-class space:       16.00 MB reserved,      15.00 MB ( 94%) committed 
      Class space:        1.00 GB reserved,       1.75 MB ( <1%) committed 
             Both:        1.02 GB reserved,      16.75 MB (  2%) committed 

Chunk freelists:
   Non-Class:  20.00 KB
       Class:  30.00 KB
        Both:  50.00 KB

MaxMetaspaceSize: 17179869184.00 GB
CompressedClassSpaceSize: 1.00 GB

CodeHeap 'non-profiled nmethods': size=120064Kb used=634Kb max_used=634Kb free=119429Kb
 bounds [0x000001d656f40000, 0x000001d6571b0000, 0x000001d65e480000]
CodeHeap 'profiled nmethods': size=120000Kb used=3615Kb max_used=3615Kb free=116384Kb
 bounds [0x000001d64fa10000, 0x000001d64fda0000, 0x000001d656f40000]
CodeHeap 'non-nmethods': size=5696Kb used=1099Kb max_used=1135Kb free=4596Kb
 bounds [0x000001d64f480000, 0x000001d64f6f0000, 0x000001d64fa10000]
 total_blobs=2197 nmethods=1784 adapters=326
 compilation: enabled
              stopped_count=0, restarted_count=0
 full_count=0

Compilation events (20 events):
Event: 2.998 Thread 0x000001d663385000 nmethod 1703 0x000001d656fd3710 code [0x000001d656fd3960, 0x000001d656fd4a20]
Event: 2.998 Thread 0x000001d663385000 1746       4       com.sun.org.apache.xerces.internal.impl.XMLEntityScanner::scanLiteral (755 bytes)
Event: 3.001 Thread 0x000001d660e41000 nmethod 1791 0x000001d64fd83310 code [0x000001d64fd83c60, 0x000001d64fd8c358]
Event: 3.008 Thread 0x000001d660e41000 1792       3       org.eclipse.osgi.storage.Storage::getConfiguration (8 bytes)
Event: 3.008 Thread 0x000001d660e41000 nmethod 1792 0x000001d64fd8ea10 code [0x000001d64fd8ebc0, 0x000001d64fd8ecd8]
Event: 3.009 Thread 0x000001d660e41000 1793       3       java.util.Collections$UnmodifiableCollection::isEmpty (10 bytes)
Event: 3.010 Thread 0x000001d660e41000 nmethod 1793 0x000001d64fd8ed90 code [0x000001d64fd8ef40, 0x000001d64fd8f108]
Event: 3.010 Thread 0x000001d660e41000 1794       3       sun.nio.cs.UTF_8$Decoder::decodeArrayLoop (691 bytes)
Event: 3.012 Thread 0x000001d663385000 nmethod 1746 0x000001d656fd5590 code [0x000001d656fd5760, 0x000001d656fd5be8]
Event: 3.012 Thread 0x000001d663385000 1755       4       com.sun.org.apache.xerces.internal.util.XMLChar::isSpace (22 bytes)
Event: 3.013 Thread 0x000001d663385000 nmethod 1755 0x000001d656fd6010 code [0x000001d656fd61a0, 0x000001d656fd6238]
Event: 3.013 Thread 0x000001d663385000 1770       4       com.sun.org.apache.xerces.internal.xni.QName::setValues (33 bytes)
Event: 3.013 Thread 0x000001d663385000 nmethod 1770 0x000001d656fd6310 code [0x000001d656fd64a0, 0x000001d656fd6538]
Event: 3.013 Thread 0x000001d663385000 1729       4       java.lang.String::<init> (74 bytes)
Event: 3.017 Thread 0x000001d660e41000 nmethod 1794 0x000001d64fd8f210 code [0x000001d64fd8fbe0, 0x000001d64fd95ec8]
Event: 3.017 Thread 0x000001d660e41000 1795       3       com.sun.org.apache.xerces.internal.impl.XMLDocumentFragmentScannerImpl::getFeatureDefault (36 bytes)
Event: 3.017 Thread 0x000001d663385000 nmethod 1729 0x000001d656fd6610 code [0x000001d656fd67c0, 0x000001d656fd6a78]
Event: 3.017 Thread 0x000001d663385000 1801 %     4       com.sun.org.apache.xerces.internal.impl.io.UTF8Reader::read @ 113 (1443 bytes)
Event: 3.018 Thread 0x000001d660e41000 nmethod 1795 0x000001d64fd97b90 code [0x000001d64fd97d60, 0x000001d64fd98008]
Event: 3.018 Thread 0x000001d660e41000 1802       2       com.sun.org.apache.xerces.internal.util.XMLChar::isValid (34 bytes)

GC Heap History (2 events):
Event: 2.170 GC heap before
{Heap before GC invocations=1 (full 0):
 PSYoungGen      total 29696K, used 25600K [0x00000000eab00000, 0x00000000ecc00000, 0x0000000100000000)
  eden space 25600K, 100% used [0x00000000eab00000,0x00000000ec400000,0x00000000ec400000)
  from space 4096K, 0% used [0x00000000ec800000,0x00000000ec800000,0x00000000ecc00000)
  to   space 4096K, 0% used [0x00000000ec400000,0x00000000ec400000,0x00000000ec800000)
 ParOldGen       total 68608K, used 0K [0x00000000c0000000, 0x00000000c4300000, 0x00000000eab00000)
  object space 68608K, 0% used [0x00000000c0000000,0x00000000c0000000,0x00000000c4300000)
 Metaspace       used 13264K, capacity 13625K, committed 13952K, reserved 1062912K
  class space    used 1223K, capacity 1330K, committed 1408K, reserved 1048576K
}
Event: 2.178 GC heap after
{Heap after GC invocations=1 (full 0):
 PSYoungGen      total 29696K, used 4068K [0x00000000eab00000, 0x00000000ecc00000, 0x0000000100000000)
  eden space 25600K, 0% used [0x00000000eab00000,0x00000000eab00000,0x00000000ec400000)
  from space 4096K, 99% used [0x00000000ec400000,0x00000000ec7f90f8,0x00000000ec800000)
  to   space 4096K, 0% used [0x00000000ec800000,0x00000000ec800000,0x00000000ecc00000)
 ParOldGen       total 68608K, used 264K [0x00000000c0000000, 0x00000000c4300000, 0x00000000eab00000)
  object space 68608K, 0% used [0x00000000c0000000,0x00000000c0042000,0x00000000c4300000)
 Metaspace       used 13264K, capacity 13625K, committed 13952K, reserved 1062912K
  class space    used 1223K, capacity 1330K, committed 1408K, reserved 1048576K
}

Deoptimization events (20 events):
Event: 2.521 Thread 0x000001d6626d4000 Uncommon trap: trap_request=0xffffff4d fr.pc=0x000001d656fa7a24 relative=0x00000000000011e4
Event: 2.521 Thread 0x000001d6626d4000 Uncommon trap: reason=unstable_if action=reinterpret pc=0x000001d656fa7a24 method=java.io.WinNTFileSystem.normalize(Ljava/lang/String;II)Ljava/lang/String; @ 100 c2
Event: 2.521 Thread 0x000001d6626d4000 DEOPT PACKING pc=0x000001d656fa7a24 sp=0x000000c4fb5fa590
Event: 2.521 Thread 0x000001d6626d4000 DEOPT UNPACKING pc=0x000001d64f4a6caf sp=0x000000c4fb5fa4d0 mode 2
Event: 2.565 Thread 0x000001d6626d4000 Uncommon trap: trap_request=0xfffffff4 fr.pc=0x000001d656f6b620 relative=0x0000000000001300
Event: 2.565 Thread 0x000001d6626d4000 Uncommon trap: reason=null_check action=make_not_entrant pc=0x000001d656f6b620 method=java.lang.StringCoding.deref(Ljava/lang/ThreadLocal;)Ljava/lang/Object; @ 4 c2
Event: 2.565 Thread 0x000001d6626d4000 DEOPT PACKING pc=0x000001d656f6b620 sp=0x000000c4fb5f9dd0
Event: 2.566 Thread 0x000001d6626d4000 DEOPT UNPACKING pc=0x000001d64f4a6caf sp=0x000000c4fb5f9cd0 mode 2
Event: 2.566 Thread 0x000001d6626d4000 Uncommon trap: trap_request=0xfffffff4 fr.pc=0x000001d656f6f650 relative=0x00000000000010d0
Event: 2.566 Thread 0x000001d6626d4000 Uncommon trap: reason=null_check action=make_not_entrant pc=0x000001d656f6f650 method=java.lang.StringCoding.deref(Ljava/lang/ThreadLocal;)Ljava/lang/Object; @ 4 c2
Event: 2.566 Thread 0x000001d6626d4000 DEOPT PACKING pc=0x000001d656f6f650 sp=0x000000c4fb5f9d50
Event: 2.566 Thread 0x000001d6626d4000 DEOPT UNPACKING pc=0x000001d64f4a6caf sp=0x000000c4fb5f9cd0 mode 2
Event: 2.859 Thread 0x000001d6626d4000 Uncommon trap: trap_request=0xffffff4d fr.pc=0x000001d656fcdc34 relative=0x0000000000000174
Event: 2.859 Thread 0x000001d6626d4000 Uncommon trap: reason=unstable_if action=reinterpret pc=0x000001d656fcdc34 method=java.util.zip.ZipFile$Source.isMetaName([BII)Z @ 43 c2
Event: 2.859 Thread 0x000001d6626d4000 DEOPT PACKING pc=0x000001d656fcdc34 sp=0x000000c4fb5f9a40
Event: 2.859 Thread 0x000001d6626d4000 DEOPT UNPACKING pc=0x000001d64f4a6caf sp=0x000000c4fb5f99e8 mode 2
Event: 2.894 Thread 0x000001d6626d4000 Uncommon trap: trap_request=0xfffffff4 fr.pc=0x000001d656f75e60 relative=0x0000000000004b40
Event: 2.894 Thread 0x000001d6626d4000 Uncommon trap: reason=null_check action=make_not_entrant pc=0x000001d656f75e60 method=java.lang.StringCoding.deref(Ljava/lang/ThreadLocal;)Ljava/lang/Object; @ 4 c2
Event: 2.894 Thread 0x000001d6626d4000 DEOPT PACKING pc=0x000001d656f75e60 sp=0x000000c4fb5f93d0
Event: 2.894 Thread 0x000001d6626d4000 DEOPT UNPACKING pc=0x000001d64f4a6caf sp=0x000000c4fb5f9258 mode 2

Classes redefined (0 events):
No events

Internal exceptions (20 events):
Event: 1.527 Thread 0x000001d646e16000 Implicit null exception at 0x000001d656f66a75 to 0x000001d656f66c70
Event: 1.531 Thread 0x000001d646e16000 Implicit null exception at 0x000001d656f5fd2f to 0x000001d656f5fd9d
Event: 1.532 Thread 0x000001d646e16000 Implicit null exception at 0x000001d656f5e85b to 0x000001d656f5f0cc
Event: 1.571 Thread 0x000001d646e16000 Exception <a 'java/lang/NoSuchMethodError'{0x00000000eb8bb700}: 'int java.lang.invoke.DirectMethodHandle$Holder.invokeStaticInit(java.lang.Object, java.lang.Object, java.lang.Object, java.lang.Object)'> (0x00000000eb8bb700) thrown at [./src/hotspot/share/interpreter/linkResolver.cpp, line 773]
Event: 1.576 Thread 0x000001d646e16000 Exception <a 'java/lang/IncompatibleClassChangeError'{0x00000000eb8c5648}: Found class java.lang.Object, but interface was expected> (0x00000000eb8c5648) thrown at [./src/hotspot/share/interpreter/linkResolver.cpp, line 839]
Event: 1.577 Thread 0x000001d646e16000 Exception <a 'java/lang/NoSuchMethodError'{0x00000000eb8c8708}: 'void java.lang.invoke.DirectMethodHandle$Holder.invokeStaticInit(java.lang.Object, java.lang.Object)'> (0x00000000eb8c8708) thrown at [./src/hotspot/share/interpreter/linkResolver.cpp, line 773]
Event: 1.579 Thread 0x000001d646e16000 Exception <a 'java/lang/NoSuchMethodError'{0x00000000eb8cda30}: 'int java.lang.invoke.DirectMethodHandle$Holder.invokeStaticInit(java.lang.Object, java.lang.Object)'> (0x00000000eb8cda30) thrown at [./src/hotspot/share/interpreter/linkResolver.cpp, line 773]
Event: 1.700 Thread 0x000001d646e16000 Exception <a 'java/lang/NoSuchMethodError'{0x00000000eba472a8}: 'int java.lang.invoke.DirectMethodHandle$Holder.invokeSpecialIFC(java.lang.Object, java.lang.Object, int)'> (0x00000000eba472a8) thrown at [./src/hotspot/share/interpreter/linkResolver.cpp, line 773]
Event: 1.959 Thread 0x000001d646e16000 Exception <a 'java/lang/NoSuchMethodError'{0x00000000ebf33ab8}: 'java.lang.Object java.lang.invoke.DirectMethodHandle$Holder.invokeStatic(java.lang.Object, int, java.lang.Object)'> (0x00000000ebf33ab8) thrown at [./src/hotspot/share/interpreter/linkResolver.cpp, line 773]
Event: 1.963 Thread 0x000001d646e16000 Exception <a 'java/lang/NoSuchMethodError'{0x00000000ebf4fae0}: 'java.lang.Object java.lang.invoke.Invokers$Holder.linkToTargetMethod(java.lang.Object, java.lang.Object, java.lang.Object, int, java.lang.Object, java.lang.Object)'> (0x00000000ebf4fae0) thrown at [./src/hotspot/share/interpreter/linkResolver.cpp, line 773]
Event: 2.127 Thread 0x000001d6624e4000 Implicit null exception at 0x000001d656f61908 to 0x000001d656f619b4
Event: 2.130 Thread 0x000001d646e16000 Exception <a 'java/lang/UnsatisfiedLinkError'{0x00000000ec268148}: 'void org.eclipse.equinox.launcher.JNIBridge._update_splash()'> (0x00000000ec268148) thrown at [./src/hotspot/share/prims/nativeLookup.cpp, line 404]
Event: 2.240 Thread 0x000001d6626d4000 Exception <a 'java/lang/NoSuchMethodError'{0x00000000eadc7b50}: 'java.lang.Object java.lang.invoke.DirectMethodHandle$Holder.invokeStatic(java.lang.Object, java.lang.Object, java.lang.Object, java.lang.Object, java.lang.Object, java.lang.Object, java.lang.Object, java.lang.Object, java.lang.Object, java.lang.Object, java.lang.Object, java.lang.Object, java.lang.Object, java.lang.Object, java.lang.Object)'> (0x00000000eadc7b50) thrown at [./src/hotspot/share/interpreter/linkResolver.cpp, line 773]
Event: 2.242 Thread 0x000001d6626d4000 Exception <a 'java/lang/NoSuchMethodError'{0x00000000eadd5b58}: 'java.lang.Object java.lang.invoke.DirectMethodHandle$Holder.invokeStatic(java.lang.Object, java.lang.Object, java.lang.Object, java.lang.Object, java.lang.Object, java.lang.Object, java.lang.Object, java.lang.Object, java.lang.Object, java.lang.Object, java.lang.Object, java.lang.Object, java.lang.Object, java.lang.Object, java.lang.Object, java.lang.Object)'> (0x00000000eadd5b58) thrown at [./src/hotspot/share/interpreter/linkResolver.cpp, l
Event: 2.244 Thread 0x000001d6626d4000 Exception <a 'java/lang/NoSuchMethodError'{0x00000000eade40d8}: 'java.lang.Object java.lang.invoke.DirectMethodHandle$Holder.invokeSpecial(java.lang.Object, java.lang.Object, int, int, java.lang.Object, java.lang.Object, java.lang.Object)'> (0x00000000eade40d8) thrown at [./src/hotspot/share/interpreter/linkResolver.cpp, line 773]
Event: 2.245 Thread 0x000001d6626d4000 Exception <a 'java/lang/NoSuchMethodError'{0x00000000eade7910}: 'java.lang.Object java.lang.invoke.DelegatingMethodHandle$Holder.reinvoke_L(java.lang.Object, int, int, java.lang.Object, java.lang.Object, java.lang.Object)'> (0x00000000eade7910) thrown at [./src/hotspot/share/interpreter/linkResolver.cpp, line 773]
Event: 2.246 Thread 0x000001d6626d4000 Exception <a 'java/lang/NoSuchMethodError'{0x00000000eadebc90}: 'java.lang.Object java.lang.invoke.DirectMethodHandle$Holder.invokeStatic(java.lang.Object, java.lang.Object, java.lang.Object, java.lang.Object, int)'> (0x00000000eadebc90) thrown at [./src/hotspot/share/interpreter/linkResolver.cpp, line 773]
Event: 2.565 Thread 0x000001d6626d4000 Implicit null exception at 0x000001d656f6a3ee to 0x000001d656f6b60c
Event: 2.566 Thread 0x000001d6626d4000 Implicit null exception at 0x000001d656f6e5f9 to 0x000001d656f6f63c
Event: 2.894 Thread 0x000001d6626d4000 Implicit null exception at 0x000001d656f71c9a to 0x000001d656f75e2c

Events (20 events):
Event: 2.927 Executing VM operation: RevokeBias done
Event: 2.927 Executing VM operation: RevokeBias
Event: 2.927 Executing VM operation: RevokeBias done
Event: 2.927 Executing VM operation: RevokeBias
Event: 2.927 Executing VM operation: RevokeBias done
Event: 2.927 Executing VM operation: RevokeBias
Event: 2.927 Executing VM operation: RevokeBias done
Event: 2.927 Executing VM operation: RevokeBias
Event: 2.927 Executing VM operation: RevokeBias done
Event: 2.927 Executing VM operation: RevokeBias
Event: 2.927 Executing VM operation: RevokeBias done
Event: 2.929 Executing VM operation: RevokeBias
Event: 2.929 Executing VM operation: RevokeBias done
Event: 2.930 loading class java/util/AbstractMap$SimpleImmutableEntry
Event: 2.930 loading class java/util/AbstractMap$SimpleImmutableEntry done
Event: 2.930 Executing VM operation: RevokeBias
Event: 2.930 Executing VM operation: RevokeBias done
Event: 2.931 Executing VM operation: RevokeBias
Event: 2.931 Executing VM operation: RevokeBias done
Event: 2.935 Thread 0x000001d663385000 Thread added: 0x000001d663385000


Dynamic libraries:
0x00007ff72b920000 - 0x00007ff72b92d000 	C:\Users\Public\wpilib\2021\jdk\bin\java.exe
0x00007fff252f0000 - 0x00007fff254e6000 	C:\WINDOWS\SYSTEM32\ntdll.dll
0x00007fff243e0000 - 0x00007fff2449d000 	C:\WINDOWS\System32\KERNEL32.DLL
0x00007fff22ce0000 - 0x00007fff22fa9000 	C:\WINDOWS\System32\KERNELBASE.dll
0x00007fff23120000 - 0x00007fff23220000 	C:\WINDOWS\System32\ucrtbase.dll
0x00007fff00500000 - 0x00007fff00517000 	C:\Users\Public\wpilib\2021\jdk\bin\jli.dll
0x00007fff23740000 - 0x00007fff238e0000 	C:\WINDOWS\System32\USER32.dll
0x00007fff22c80000 - 0x00007fff22ca2000 	C:\WINDOWS\System32\win32u.dll
0x00007fff24800000 - 0x00007fff2482a000 	C:\WINDOWS\System32\GDI32.dll
0x00007fff23010000 - 0x00007fff2311b000 	C:\WINDOWS\System32\gdi32full.dll
0x00007fff22be0000 - 0x00007fff22c7d000 	C:\WINDOWS\System32\msvcp_win.dll
0x00007fff00470000 - 0x00007fff00489000 	C:\Users\Public\wpilib\2021\jdk\bin\VCRUNTIME140.dll
0x00007fff14dd0000 - 0x00007fff1506b000 	C:\WINDOWS\WinSxS\amd64_microsoft.windows.common-controls_6595b64144ccf1df_6.0.19041.746_none_ca02b4b61b8320a4\COMCTL32.dll
0x00007fff233b0000 - 0x00007fff2344e000 	C:\WINDOWS\System32\msvcrt.dll
0x00007fff24c70000 - 0x00007fff24ca0000 	C:\WINDOWS\System32\IMM32.DLL
0x00007ffef1930000 - 0x00007ffef19c2000 	C:\Users\Public\wpilib\2021\jdk\bin\msvcp140.dll
0x00007fff19310000 - 0x00007fff1931c000 	C:\Users\Public\wpilib\2021\jdk\bin\VCRUNTIME140_1.dll
0x00007ffec3310000 - 0x00007ffec3dcd000 	C:\Users\Public\wpilib\2021\jdk\bin\server\jvm.dll
0x00007fff23960000 - 0x00007fff23a0c000 	C:\WINDOWS\System32\ADVAPI32.dll
0x00007fff24760000 - 0x00007fff247fc000 	C:\WINDOWS\System32\sechost.dll
0x00007fff245d0000 - 0x00007fff246fb000 	C:\WINDOWS\System32\RPCRT4.dll
0x00007fff24830000 - 0x00007fff24838000 	C:\WINDOWS\System32\PSAPI.DLL
0x00007fff04ff0000 - 0x00007fff04ff9000 	C:\WINDOWS\SYSTEM32\WSOCK32.dll
0x00007fff19dd0000 - 0x00007fff19df7000 	C:\WINDOWS\SYSTEM32\WINMM.dll
0x00007fff25240000 - 0x00007fff252ab000 	C:\WINDOWS\System32\WS2_32.dll
0x00007fff13410000 - 0x00007fff1341a000 	C:\WINDOWS\SYSTEM32\VERSION.dll
0x00007fff20980000 - 0x00007fff20992000 	C:\WINDOWS\SYSTEM32\kernel.appcore.dll
0x00007fff18cf0000 - 0x00007fff18d00000 	C:\Users\Public\wpilib\2021\jdk\bin\verify.dll
0x00007fff1af50000 - 0x00007fff1b134000 	C:\WINDOWS\SYSTEM32\DBGHELP.DLL
0x00007fff1a830000 - 0x00007fff1a85c000 	C:\WINDOWS\SYSTEM32\dbgcore.DLL
0x00007fff232d0000 - 0x00007fff23350000 	C:\WINDOWS\System32\bcryptPrimitives.dll
0x00007fff00060000 - 0x00007fff00088000 	C:\Users\Public\wpilib\2021\jdk\bin\java.dll
0x00007fff14cb0000 - 0x00007fff14cba000 	C:\Users\Public\wpilib\2021\jdk\bin\jimage.dll
0x00007ffefe250000 - 0x00007ffefe267000 	C:\Users\Public\wpilib\2021\jdk\bin\zip.dll
0x00007fff23aa0000 - 0x00007fff241e2000 	C:\WINDOWS\System32\SHELL32.dll
0x00007fff20b80000 - 0x00007fff21310000 	C:\WINDOWS\SYSTEM32\windows.storage.dll
0x00007fff24910000 - 0x00007fff24c66000 	C:\WINDOWS\System32\combase.dll
0x00007fff223c0000 - 0x00007fff223ec000 	C:\WINDOWS\SYSTEM32\Wldp.dll
0x00007fff24330000 - 0x00007fff243de000 	C:\WINDOWS\System32\SHCORE.dll
0x00007fff23350000 - 0x00007fff233a5000 	C:\WINDOWS\System32\shlwapi.dll
0x00007fff22960000 - 0x00007fff22986000 	C:\WINDOWS\SYSTEM32\profapi.dll
0x00007ffeef430000 - 0x00007ffeef449000 	C:\Users\Public\wpilib\2021\jdk\bin\net.dll
0x00007fff13bf0000 - 0x00007fff13cf0000 	C:\WINDOWS\SYSTEM32\WINHTTP.dll
0x00007fff22140000 - 0x00007fff221aa000 	C:\WINDOWS\system32\mswsock.dll
0x00007ffeef410000 - 0x00007ffeef422000 	C:\Users\Public\wpilib\2021\jdk\bin\nio.dll
0x00007fff22310000 - 0x00007fff22328000 	C:\WINDOWS\SYSTEM32\CRYPTSP.dll
0x00007fff21ae0000 - 0x00007fff21b14000 	C:\WINDOWS\system32\rsaenh.dll
0x00007fff22cb0000 - 0x00007fff22cd7000 	C:\WINDOWS\System32\bcrypt.dll
0x00007fff228b0000 - 0x00007fff228de000 	C:\WINDOWS\SYSTEM32\USERENV.dll
0x00007fff22330000 - 0x00007fff2233c000 	C:\WINDOWS\SYSTEM32\CRYPTBASE.dll
0x00007fff21e30000 - 0x00007fff21e6b000 	C:\WINDOWS\SYSTEM32\IPHLPAPI.DLL
0x00007fff244a0000 - 0x00007fff244a8000 	C:\WINDOWS\System32\NSI.dll
0x00007fff1ad70000 - 0x00007fff1ad87000 	C:\WINDOWS\SYSTEM32\dhcpcsvc6.DLL
0x00007fff1c040000 - 0x00007fff1c05d000 	C:\WINDOWS\SYSTEM32\dhcpcsvc.DLL
0x00007fff21e70000 - 0x00007fff21f3b000 	C:\WINDOWS\SYSTEM32\DNSAPI.dll
0x00007ffeffe40000 - 0x00007ffeffe6a000 	C:\Users\Public\wpilib\2021\vscode\data\user-data\User\globalStorage\redhat.java\0.73.0\config_win\org.eclipse.equinox.launcher\org.eclipse.equinox.launcher.win32.win32.x86_64_1.2.0.v20200915-1442\eclipse_11100.dll

dbghelp: loaded successfully - version: 4.0.5 - missing functions: none
symbol engine: initialized successfully - sym options: 0x614 - pdb path: .;C:\Users\Public\wpilib\2021\jdk\bin;C:\WINDOWS\SYSTEM32;C:\WINDOWS\WinSxS\amd64_microsoft.windows.common-controls_6595b64144ccf1df_6.0.19041.746_none_ca02b4b61b8320a4;C:\Users\Public\wpilib\2021\jdk\bin\server;C:\Users\Public\wpilib\2021\vscode\data\user-data\User\globalStorage\redhat.java\0.73.0\config_win\org.eclipse.equinox.launcher\org.eclipse.equinox.launcher.win32.win32.x86_64_1.2.0.v20200915-1442

VM Arguments:
jvm_args: --add-modules=ALL-SYSTEM --add-opens=java.base/java.util=ALL-UNNAMED --add-opens=java.base/java.lang=ALL-UNNAMED -Declipse.application=org.eclipse.jdt.ls.core.id1 -Dosgi.bundles.defaultStartLevel=4 -Declipse.product=org.eclipse.jdt.ls.core.product -Dfile.encoding=utf8 -DwatchParentProcess=false -XX:+UseParallelGC -XX:GCTimeRatio=4 -XX:AdaptiveSizePolicyWeight=90 -Dsun.zip.disableMemoryMapping=true -Xmx1G -Xms100m -Xverify:none 
java_command: c:\Users\Public\wpilib\2021\vscode\data\extensions\redhat.java-0.73.0\server\plugins\org.eclipse.equinox.launcher_1.6.0.v20200915-1508.jar -configuration c:\Users\Public\wpilib\2021\vscode\data\user-data\User\globalStorage\redhat.java\0.73.0\config_win -data c:\Users\Public\wpilib\2021\vscode\data\user-data\User\workspaceStorage\742f11c85b77d84e30fc7c60643a43c4\redhat.java\jdt_ws
java_class_path (initial): c:\Users\Public\wpilib\2021\vscode\data\extensions\redhat.java-0.73.0\server\plugins\org.eclipse.equinox.launcher_1.6.0.v20200915-1508.jar
Launcher Type: SUN_STANDARD

[Global flags]
    uintx AdaptiveSizePolicyWeight                 = 90                                        {product} {command line}
     bool BytecodeVerificationLocal                = false                                     {product} {command line}
     bool BytecodeVerificationRemote               = false                                     {product} {command line}
     intx CICompilerCount                          = 3                                         {product} {ergonomic}
    uintx GCTimeRatio                              = 4                                         {product} {command line}
   size_t InitialHeapSize                          = 104857600                                 {product} {command line}
   size_t MaxHeapSize                              = 1073741824                                {product} {command line}
   size_t MaxNewSize                               = 357564416                                 {product} {ergonomic}
   size_t MinHeapDeltaBytes                        = 524288                                    {product} {ergonomic}
   size_t NewSize                                  = 34603008                                  {product} {ergonomic}
    uintx NonNMethodCodeHeapSize                   = 5830732                                {pd product} {ergonomic}
    uintx NonProfiledCodeHeapSize                  = 122913754                              {pd product} {ergonomic}
   size_t OldSize                                  = 70254592                                  {product} {ergonomic}
    uintx ProfiledCodeHeapSize                     = 122913754                              {pd product} {ergonomic}
    uintx ReservedCodeCacheSize                    = 251658240                              {pd product} {ergonomic}
     bool SegmentedCodeCache                       = true                                      {product} {ergonomic}
     bool UseCompressedClassPointers               = true                                 {lp64_product} {ergonomic}
     bool UseCompressedOops                        = true                                 {lp64_product} {ergonomic}
     bool UseLargePagesIndividualAllocation        = false                                  {pd product} {ergonomic}
     bool UseParallelGC                            = true                                      {product} {command line}

Logging:
Log output configuration:
 #0: stdout all=warning uptime,level,tags
 #1: stderr all=off uptime,level,tags

Environment Variables:
PATH=C:\Program Files\National Instruments\Shared\OpenVINO\;C:\Python37\Scripts\;C:\Python37\;C:\Program Files (x86)\Common Files\Oracle\Java\javapath;C:\ProgramData\Oracle\Java\javapath;C:\Program Files (x86)\NVIDIA Corporation\PhysX\Common;C:\Program Files (x86)\Intel\iCLS Client\;C:\Program Files\Intel\iCLS Client\;C:\WINDOWS\system32;C:\WINDOWS;C:\WINDOWS\System32\Wbem;C:\WINDOWS\System32\WindowsPowerShell\v1.0\;C:\Program Files (x86)\Intel\Intel(R) Management Engine Components\DAL;C:\Program Files\Intel\Intel(R) Management Engine Components\DAL;C:\Program Files (x86)\Intel\Intel(R) Management Engine Components\IPT;C:\Program Files\Intel\Intel(R) Management Engine Components\IPT;C:\Program Files\Microsoft SQL Server\Client SDK\ODBC\110\Tools\Binn\;C:\Program Files (x86)\Microsoft SQL Server\120\Tools\Binn\;C:\Program Files\Microsoft SQL Server\120\Tools\Binn\;C:\Program Files\Microsoft SQL Server\120\DTS\Binn\;C:\Program Files (x86)\Windows Kits\8.1\Windows Performance Toolkit\;C:\WINDOWS\System32\OpenSSH\;C:\Users\lpaul\AppData\Local\Programs\Python\Python37-32\;C:\Users\lpaul\AppData\Local\Programs\Python\Python37-32\Scripts\;C:\Program Files\Microsoft SQL Server\130\Tools\Binn\;C:\MinGW\bin;C:\Python27;C:\Python27\Scripts;C:\Program Files\Git\cmd;C:\Program Files\dotnet\;C:\Users\lpaul\.cargo\bin;C:\Users\lpaul\AppData\Local\Microsoft\WindowsApps;C:\Users\lpaul\AppData\Local\Programs\Microsoft VS Code\bin;C:\Users\Public\frc2019\roborio\bin;C:\Users\Public\frc2019\frccode;C:\Users\lpaul\Downloads\libav-x86_64-w64-mingw32-11.7\libav-x86_64-w64-mingw32-11.7\usr\bin;;C:\Program Files\JetBrains\IntelliJ IDEA Community Edition 2019.2.2\bin;C:\Users\lpaul\.dotnet\tools;%USERPROFILE%\AppData\Local\Microsoft\WindowsApps
USERNAME=lpaulb116
OS=Windows_NT
PROCESSOR_IDENTIFIER=Intel64 Family 6 Model 61 Stepping 4, GenuineIntel



---------------  S Y S T E M  ---------------

OS: Windows 10 , 64 bit Build 19041 (10.0.19041.804)
OS uptime: 1 days 17:46 hours

CPU:total 4 (initial active 4) (2 cores per cpu, 2 threads per core) family 6 model 61 stepping 4, cmov, cx8, fxsr, mmx, sse, sse2, sse3, ssse3, sse4.1, sse4.2, popcnt, avx, avx2, aes, clmul, erms, 3dnowpref, lzcnt, ht, tsc, tscinvbit, bmi1, bmi2, adx, fma

Memory: 4k page, system-wide physical 8097M (3435M free)
TotalPageFile size 10521M (AvailPageFile size 4830M)
current process WorkingSet (physical memory assigned to process): 90M, peak: 92M
current process commit charge ("private bytes"): 204M, peak: 206M

vm_info: OpenJDK 64-Bit Server VM (11.0.8+10) for windows-amd64 JRE (11.0.8+10), built on Jul 15 2020 11:45:54 by "" with MS VC++ 15.9 (VS2017)

END.
